{"/Users/marcus/Desktop/development/lumen-dashboard/src/scripts/CellStepManagement/components/AddNewCellInputs.js": {"path":"/Users/marcus/Desktop/development/lumen-dashboard/src/scripts/CellStepManagement/components/AddNewCellInputs.js","statementMap":{"0":{"start":{"line":13,"column":16},"end":{"line":13,"column":30}},"1":{"start":{"line":14,"column":4},"end":{"line":14,"column":35}},"2":{"start":{"line":18,"column":20},"end":{"line":18,"column":34}},"3":{"start":{"line":19,"column":4},"end":{"line":19,"column":43}},"4":{"start":{"line":23,"column":33},"end":{"line":23,"column":43}},"5":{"start":{"line":24,"column":4},"end":{"line":24,"column":48}},"6":{"start":{"line":25,"column":4},"end":{"line":25,"column":47}},"7":{"start":{"line":31,"column":38},"end":{"line":31,"column":48}},"8":{"start":{"line":32,"column":33},"end":{"line":32,"column":43}},"9":{"start":{"line":33,"column":4},"end":{"line":44,"column":6}},"10":{"start":{"line":36,"column":121},"end":{"line":36,"column":137}},"11":{"start":{"line":37,"column":127},"end":{"line":37,"column":152}},"12":{"start":{"line":40,"column":87},"end":{"line":40,"column":125}},"13":{"start":{"line":51,"column":0},"end":{"line":55,"column":2}}},"fnMap":{"0":{"name":"(anonymous_0)","decl":{"start":{"line":12,"column":2},"end":{"line":12,"column":3}},"loc":{"start":{"line":12,"column":14},"end":{"line":15,"column":3}},"line":12},"1":{"name":"(anonymous_1)","decl":{"start":{"line":17,"column":22},"end":{"line":17,"column":23}},"loc":{"start":{"line":17,"column":29},"end":{"line":20,"column":3}},"line":17},"2":{"name":"(anonymous_2)","decl":{"start":{"line":22,"column":20},"end":{"line":22,"column":21}},"loc":{"start":{"line":22,"column":26},"end":{"line":27,"column":3}},"line":22},"3":{"name":"(anonymous_3)","decl":{"start":{"line":30,"column":2},"end":{"line":30,"column":3}},"loc":{"start":{"line":30,"column":11},"end":{"line":45,"column":3}},"line":30},"4":{"name":"(anonymous_4)","decl":{"start":{"line":36,"column":114},"end":{"line":36,"column":115}},"loc":{"start":{"line":36,"column":121},"end":{"line":36,"column":137}},"line":36},"5":{"name":"(anonymous_5)","decl":{"start":{"line":37,"column":120},"end":{"line":37,"column":121}},"loc":{"start":{"line":37,"column":127},"end":{"line":37,"column":152}},"line":37},"6":{"name":"(anonymous_6)","decl":{"start":{"line":40,"column":81},"end":{"line":40,"column":82}},"loc":{"start":{"line":40,"column":87},"end":{"line":40,"column":125}},"line":40}},"branchMap":{},"s":{"0":1,"1":1,"2":1,"3":1,"4":3,"5":3,"6":3,"7":12,"8":12,"9":12,"10":1,"11":1,"12":3,"13":1},"f":{"0":1,"1":1,"2":3,"3":12,"4":1,"5":1,"6":3},"b":{},"_coverageSchema":"43e27e138ebf9cfc5966b082cf9a028302ed4184","hash":"d3882a158607ea7365c3805834f26f66c6745531"}
,"/Users/marcus/Desktop/development/lumen-dashboard/src/scripts/CellStepManagement/components/CachePage.js": {"path":"/Users/marcus/Desktop/development/lumen-dashboard/src/scripts/CellStepManagement/components/CachePage.js","statementMap":{"0":{"start":{"line":8,"column":44},"end":{"line":8,"column":54}},"1":{"start":{"line":10,"column":4},"end":{"line":12,"column":5}},"2":{"start":{"line":11,"column":6},"end":{"line":11,"column":32}},"3":{"start":{"line":13,"column":4},"end":{"line":38,"column":6}},"4":{"start":{"line":24,"column":12},"end":{"line":32,"column":21}},"5":{"start":{"line":30,"column":48},"end":{"line":30,"column":64}}},"fnMap":{"0":{"name":"(anonymous_0)","decl":{"start":{"line":7,"column":2},"end":{"line":7,"column":3}},"loc":{"start":{"line":7,"column":11},"end":{"line":39,"column":3}},"line":7},"1":{"name":"(anonymous_1)","decl":{"start":{"line":23,"column":25},"end":{"line":23,"column":26}},"loc":{"start":{"line":23,"column":42},"end":{"line":33,"column":11}},"line":23},"2":{"name":"(anonymous_2)","decl":{"start":{"line":30,"column":42},"end":{"line":30,"column":43}},"loc":{"start":{"line":30,"column":48},"end":{"line":30,"column":64}},"line":30}},"branchMap":{"0":{"loc":{"start":{"line":10,"column":4},"end":{"line":12,"column":5}},"type":"if","locations":[{"start":{"line":10,"column":4},"end":{"line":12,"column":5}},{"start":{"line":10,"column":4},"end":{"line":12,"column":5}}],"line":10}},"s":{"0":3,"1":3,"2":1,"3":2,"4":2,"5":1},"f":{"0":3,"1":2,"2":1},"b":{"0":[1,2]},"_coverageSchema":"43e27e138ebf9cfc5966b082cf9a028302ed4184","hash":"8c58414080ce2fbace1ac3fe0c50ac0074352a6b"}
,"/Users/marcus/Desktop/development/lumen-dashboard/src/scripts/CellStepManagement/components/External.js": {"path":"/Users/marcus/Desktop/development/lumen-dashboard/src/scripts/CellStepManagement/components/External.js","statementMap":{"0":{"start":{"line":6,"column":17},"end":{"line":17,"column":1}},"1":{"start":{"line":7,"column":2},"end":{"line":16,"column":8}},"2":{"start":{"line":21,"column":0},"end":{"line":26,"column":2}}},"fnMap":{"0":{"name":"(anonymous_0)","decl":{"start":{"line":6,"column":17},"end":{"line":6,"column":18}},"loc":{"start":{"line":7,"column":2},"end":{"line":16,"column":8}},"line":7}},"branchMap":{},"s":{"0":1,"1":0,"2":1},"f":{"0":0},"b":{},"_coverageSchema":"43e27e138ebf9cfc5966b082cf9a028302ed4184","hash":"89bb28b787c55e6f0790eadd3e95c1e2f1b77dcf"}
,"/Users/marcus/Desktop/development/lumen-dashboard/src/scripts/CellStepManagement/components/NewCellWrapper.js": {"path":"/Users/marcus/Desktop/development/lumen-dashboard/src/scripts/CellStepManagement/components/NewCellWrapper.js","statementMap":{"0":{"start":{"line":8,"column":23},"end":{"line":13,"column":1}},"1":{"start":{"line":9,"column":2},"end":{"line":12,"column":8}},"2":{"start":{"line":18,"column":0},"end":{"line":22,"column":2}}},"fnMap":{"0":{"name":"(anonymous_0)","decl":{"start":{"line":8,"column":23},"end":{"line":8,"column":24}},"loc":{"start":{"line":9,"column":2},"end":{"line":12,"column":8}},"line":9}},"branchMap":{},"s":{"0":1,"1":4,"2":1},"f":{"0":4},"b":{},"_coverageSchema":"43e27e138ebf9cfc5966b082cf9a028302ed4184","hash":"83b20ffd05ecc0ec980f5c38ee6b04924c201995"}
,"/Users/marcus/Desktop/development/lumen-dashboard/src/scripts/CellStepManagement/components/StimTable.js": {"path":"/Users/marcus/Desktop/development/lumen-dashboard/src/scripts/CellStepManagement/components/StimTable.js","statementMap":{"0":{"start":{"line":11,"column":39},"end":{"line":11,"column":49}},"1":{"start":{"line":13,"column":4},"end":{"line":15,"column":5}},"2":{"start":{"line":14,"column":6},"end":{"line":14,"column":31}},"3":{"start":{"line":17,"column":4},"end":{"line":17,"column":24}},"4":{"start":{"line":18,"column":4},"end":{"line":45,"column":6}},"5":{"start":{"line":32,"column":12},"end":{"line":41,"column":21}},"6":{"start":{"line":40,"column":48},"end":{"line":40,"column":64}},"7":{"start":{"line":50,"column":0},"end":{"line":55,"column":2}}},"fnMap":{"0":{"name":"(anonymous_0)","decl":{"start":{"line":10,"column":2},"end":{"line":10,"column":3}},"loc":{"start":{"line":10,"column":11},"end":{"line":46,"column":3}},"line":10},"1":{"name":"(anonymous_1)","decl":{"start":{"line":31,"column":20},"end":{"line":31,"column":21}},"loc":{"start":{"line":31,"column":37},"end":{"line":42,"column":11}},"line":31},"2":{"name":"(anonymous_2)","decl":{"start":{"line":40,"column":42},"end":{"line":40,"column":43}},"loc":{"start":{"line":40,"column":48},"end":{"line":40,"column":64}},"line":40}},"branchMap":{"0":{"loc":{"start":{"line":13,"column":4},"end":{"line":15,"column":5}},"type":"if","locations":[{"start":{"line":13,"column":4},"end":{"line":15,"column":5}},{"start":{"line":13,"column":4},"end":{"line":15,"column":5}}],"line":13}},"s":{"0":1,"1":1,"2":0,"3":1,"4":1,"5":1,"6":1,"7":2},"f":{"0":1,"1":1,"2":1},"b":{"0":[0,1]},"_coverageSchema":"43e27e138ebf9cfc5966b082cf9a028302ed4184","hash":"210e63ef9edb73f1d017ca805b400eca3f79f585"}
,"/Users/marcus/Desktop/development/lumen-dashboard/src/scripts/CellStepManagement/duck/Utils.js": {"path":"/Users/marcus/Desktop/development/lumen-dashboard/src/scripts/CellStepManagement/duck/Utils.js","statementMap":{"0":{"start":{"line":2,"column":14},"end":{"line":44,"column":1}},"1":{"start":{"line":5,"column":4},"end":{"line":20,"column":5}},"2":{"start":{"line":7,"column":8},"end":{"line":7,"column":25}},"3":{"start":{"line":8,"column":8},"end":{"line":8,"column":14}},"4":{"start":{"line":10,"column":8},"end":{"line":10,"column":25}},"5":{"start":{"line":11,"column":8},"end":{"line":11,"column":14}},"6":{"start":{"line":13,"column":8},"end":{"line":13,"column":32}},"7":{"start":{"line":14,"column":8},"end":{"line":14,"column":14}},"8":{"start":{"line":16,"column":8},"end":{"line":16,"column":32}},"9":{"start":{"line":17,"column":8},"end":{"line":17,"column":14}},"10":{"start":{"line":19,"column":8},"end":{"line":19,"column":22}},"11":{"start":{"line":21,"column":4},"end":{"line":21,"column":18}},"12":{"start":{"line":26,"column":4},"end":{"line":41,"column":5}},"13":{"start":{"line":28,"column":8},"end":{"line":28,"column":40}},"14":{"start":{"line":29,"column":8},"end":{"line":29,"column":14}},"15":{"start":{"line":31,"column":8},"end":{"line":31,"column":55}},"16":{"start":{"line":32,"column":8},"end":{"line":32,"column":14}},"17":{"start":{"line":34,"column":8},"end":{"line":34,"column":32}},"18":{"start":{"line":35,"column":8},"end":{"line":35,"column":14}},"19":{"start":{"line":37,"column":8},"end":{"line":37,"column":33}},"20":{"start":{"line":38,"column":8},"end":{"line":38,"column":14}},"21":{"start":{"line":40,"column":8},"end":{"line":40,"column":55}},"22":{"start":{"line":42,"column":4},"end":{"line":42,"column":18}}},"fnMap":{"0":{"name":"(anonymous_0)","decl":{"start":{"line":3,"column":21},"end":{"line":3,"column":22}},"loc":{"start":{"line":3,"column":37},"end":{"line":22,"column":3}},"line":3},"1":{"name":"(anonymous_1)","decl":{"start":{"line":24,"column":15},"end":{"line":24,"column":16}},"loc":{"start":{"line":24,"column":31},"end":{"line":43,"column":3}},"line":24}},"branchMap":{"0":{"loc":{"start":{"line":5,"column":4},"end":{"line":20,"column":5}},"type":"switch","locations":[{"start":{"line":6,"column":6},"end":{"line":8,"column":14}},{"start":{"line":9,"column":6},"end":{"line":11,"column":14}},{"start":{"line":12,"column":6},"end":{"line":14,"column":14}},{"start":{"line":15,"column":6},"end":{"line":17,"column":14}},{"start":{"line":18,"column":6},"end":{"line":19,"column":22}}],"line":5},"1":{"loc":{"start":{"line":26,"column":4},"end":{"line":41,"column":5}},"type":"switch","locations":[{"start":{"line":27,"column":6},"end":{"line":29,"column":14}},{"start":{"line":30,"column":6},"end":{"line":32,"column":14}},{"start":{"line":33,"column":6},"end":{"line":35,"column":14}},{"start":{"line":36,"column":6},"end":{"line":38,"column":14}},{"start":{"line":39,"column":6},"end":{"line":40,"column":55}}],"line":26}},"s":{"0":3,"1":6,"2":1,"3":1,"4":1,"5":1,"6":1,"7":1,"8":1,"9":1,"10":2,"11":6,"12":6,"13":1,"14":1,"15":1,"16":1,"17":1,"18":1,"19":1,"20":1,"21":2,"22":6},"f":{"0":6,"1":6},"b":{"0":[1,1,1,1,2],"1":[1,1,1,1,2]},"_coverageSchema":"43e27e138ebf9cfc5966b082cf9a028302ed4184","hash":"c8c50839abb5743b9779ec6b2a7739b1bc46adcf"}
,"/Users/marcus/Desktop/development/lumen-dashboard/src/scripts/CellStepManagement/duck/actions.js": {"path":"/Users/marcus/Desktop/development/lumen-dashboard/src/scripts/CellStepManagement/duck/actions.js","statementMap":{"0":{"start":{"line":3,"column":21},"end":{"line":7,"column":2}},"1":{"start":{"line":3,"column":30},"end":{"line":7,"column":1}},"2":{"start":{"line":9,"column":28},"end":{"line":13,"column":2}},"3":{"start":{"line":9,"column":56},"end":{"line":13,"column":1}},"4":{"start":{"line":15,"column":27},"end":{"line":21,"column":1}},"5":{"start":{"line":16,"column":2},"end":{"line":20,"column":4}},"6":{"start":{"line":17,"column":4},"end":{"line":17,"column":19}},"7":{"start":{"line":18,"column":4},"end":{"line":18,"column":57}},"8":{"start":{"line":23,"column":28},"end":{"line":25,"column":2}},"9":{"start":{"line":23,"column":35},"end":{"line":25,"column":1}},"10":{"start":{"line":28,"column":19},"end":{"line":30,"column":2}},"11":{"start":{"line":28,"column":26},"end":{"line":30,"column":1}},"12":{"start":{"line":32,"column":23},"end":{"line":34,"column":2}},"13":{"start":{"line":32,"column":30},"end":{"line":34,"column":1}},"14":{"start":{"line":36,"column":24},"end":{"line":38,"column":2}},"15":{"start":{"line":36,"column":31},"end":{"line":38,"column":1}},"16":{"start":{"line":40,"column":20},"end":{"line":42,"column":2}},"17":{"start":{"line":40,"column":27},"end":{"line":42,"column":1}},"18":{"start":{"line":44,"column":21},"end":{"line":46,"column":2}},"19":{"start":{"line":44,"column":28},"end":{"line":46,"column":1}},"20":{"start":{"line":48,"column":18},"end":{"line":52,"column":2}},"21":{"start":{"line":48,"column":39},"end":{"line":52,"column":1}},"22":{"start":{"line":54,"column":25},"end":{"line":57,"column":2}},"23":{"start":{"line":54,"column":34},"end":{"line":57,"column":1}},"24":{"start":{"line":59,"column":19},"end":{"line":63,"column":2}},"25":{"start":{"line":59,"column":30},"end":{"line":63,"column":1}},"26":{"start":{"line":65,"column":19},"end":{"line":68,"column":2}},"27":{"start":{"line":65,"column":28},"end":{"line":68,"column":1}},"28":{"start":{"line":71,"column":23},"end":{"line":73,"column":2}},"29":{"start":{"line":71,"column":30},"end":{"line":73,"column":1}},"30":{"start":{"line":75,"column":29},"end":{"line":78,"column":2}},"31":{"start":{"line":75,"column":38},"end":{"line":78,"column":1}},"32":{"start":{"line":80,"column":32},"end":{"line":83,"column":2}},"33":{"start":{"line":80,"column":41},"end":{"line":83,"column":1}},"34":{"start":{"line":86,"column":23},"end":{"line":89,"column":2}},"35":{"start":{"line":86,"column":33},"end":{"line":89,"column":1}},"36":{"start":{"line":91,"column":29},"end":{"line":94,"column":2}},"37":{"start":{"line":91,"column":38},"end":{"line":94,"column":1}},"38":{"start":{"line":96,"column":21},"end":{"line":99,"column":2}},"39":{"start":{"line":96,"column":31},"end":{"line":99,"column":1}},"40":{"start":{"line":102,"column":22},"end":{"line":104,"column":2}},"41":{"start":{"line":102,"column":29},"end":{"line":104,"column":1}},"42":{"start":{"line":106,"column":24},"end":{"line":109,"column":2}},"43":{"start":{"line":106,"column":33},"end":{"line":109,"column":1}},"44":{"start":{"line":111,"column":22},"end":{"line":113,"column":2}},"45":{"start":{"line":111,"column":29},"end":{"line":113,"column":1}},"46":{"start":{"line":115,"column":22},"end":{"line":118,"column":2}},"47":{"start":{"line":115,"column":30},"end":{"line":118,"column":1}},"48":{"start":{"line":120,"column":28},"end":{"line":123,"column":2}},"49":{"start":{"line":120,"column":36},"end":{"line":123,"column":1}},"50":{"start":{"line":124,"column":28},"end":{"line":126,"column":2}},"51":{"start":{"line":124,"column":35},"end":{"line":126,"column":1}},"52":{"start":{"line":128,"column":31},"end":{"line":130,"column":2}},"53":{"start":{"line":128,"column":38},"end":{"line":130,"column":1}}},"fnMap":{"0":{"name":"(anonymous_0)","decl":{"start":{"line":3,"column":21},"end":{"line":3,"column":22}},"loc":{"start":{"line":3,"column":30},"end":{"line":7,"column":1}},"line":3},"1":{"name":"(anonymous_1)","decl":{"start":{"line":9,"column":28},"end":{"line":9,"column":29}},"loc":{"start":{"line":9,"column":56},"end":{"line":13,"column":1}},"line":9},"2":{"name":"(anonymous_2)","decl":{"start":{"line":15,"column":27},"end":{"line":15,"column":28}},"loc":{"start":{"line":15,"column":60},"end":{"line":21,"column":1}},"line":15},"3":{"name":"(anonymous_3)","decl":{"start":{"line":16,"column":9},"end":{"line":16,"column":10}},"loc":{"start":{"line":16,"column":23},"end":{"line":20,"column":3}},"line":16},"4":{"name":"(anonymous_4)","decl":{"start":{"line":23,"column":28},"end":{"line":23,"column":29}},"loc":{"start":{"line":23,"column":35},"end":{"line":25,"column":1}},"line":23},"5":{"name":"(anonymous_5)","decl":{"start":{"line":28,"column":19},"end":{"line":28,"column":20}},"loc":{"start":{"line":28,"column":26},"end":{"line":30,"column":1}},"line":28},"6":{"name":"(anonymous_6)","decl":{"start":{"line":32,"column":23},"end":{"line":32,"column":24}},"loc":{"start":{"line":32,"column":30},"end":{"line":34,"column":1}},"line":32},"7":{"name":"(anonymous_7)","decl":{"start":{"line":36,"column":24},"end":{"line":36,"column":25}},"loc":{"start":{"line":36,"column":31},"end":{"line":38,"column":1}},"line":36},"8":{"name":"(anonymous_8)","decl":{"start":{"line":40,"column":20},"end":{"line":40,"column":21}},"loc":{"start":{"line":40,"column":27},"end":{"line":42,"column":1}},"line":40},"9":{"name":"(anonymous_9)","decl":{"start":{"line":44,"column":21},"end":{"line":44,"column":22}},"loc":{"start":{"line":44,"column":28},"end":{"line":46,"column":1}},"line":44},"10":{"name":"(anonymous_10)","decl":{"start":{"line":48,"column":18},"end":{"line":48,"column":19}},"loc":{"start":{"line":48,"column":39},"end":{"line":52,"column":1}},"line":48},"11":{"name":"(anonymous_11)","decl":{"start":{"line":54,"column":25},"end":{"line":54,"column":26}},"loc":{"start":{"line":54,"column":34},"end":{"line":57,"column":1}},"line":54},"12":{"name":"(anonymous_12)","decl":{"start":{"line":59,"column":19},"end":{"line":59,"column":20}},"loc":{"start":{"line":59,"column":30},"end":{"line":63,"column":1}},"line":59},"13":{"name":"(anonymous_13)","decl":{"start":{"line":65,"column":19},"end":{"line":65,"column":20}},"loc":{"start":{"line":65,"column":28},"end":{"line":68,"column":1}},"line":65},"14":{"name":"(anonymous_14)","decl":{"start":{"line":71,"column":23},"end":{"line":71,"column":24}},"loc":{"start":{"line":71,"column":30},"end":{"line":73,"column":1}},"line":71},"15":{"name":"(anonymous_15)","decl":{"start":{"line":75,"column":29},"end":{"line":75,"column":30}},"loc":{"start":{"line":75,"column":38},"end":{"line":78,"column":1}},"line":75},"16":{"name":"(anonymous_16)","decl":{"start":{"line":80,"column":32},"end":{"line":80,"column":33}},"loc":{"start":{"line":80,"column":41},"end":{"line":83,"column":1}},"line":80},"17":{"name":"(anonymous_17)","decl":{"start":{"line":86,"column":23},"end":{"line":86,"column":24}},"loc":{"start":{"line":86,"column":33},"end":{"line":89,"column":1}},"line":86},"18":{"name":"(anonymous_18)","decl":{"start":{"line":91,"column":29},"end":{"line":91,"column":30}},"loc":{"start":{"line":91,"column":38},"end":{"line":94,"column":1}},"line":91},"19":{"name":"(anonymous_19)","decl":{"start":{"line":96,"column":21},"end":{"line":96,"column":22}},"loc":{"start":{"line":96,"column":31},"end":{"line":99,"column":1}},"line":96},"20":{"name":"(anonymous_20)","decl":{"start":{"line":102,"column":22},"end":{"line":102,"column":23}},"loc":{"start":{"line":102,"column":29},"end":{"line":104,"column":1}},"line":102},"21":{"name":"(anonymous_21)","decl":{"start":{"line":106,"column":24},"end":{"line":106,"column":25}},"loc":{"start":{"line":106,"column":33},"end":{"line":109,"column":1}},"line":106},"22":{"name":"(anonymous_22)","decl":{"start":{"line":111,"column":22},"end":{"line":111,"column":23}},"loc":{"start":{"line":111,"column":29},"end":{"line":113,"column":1}},"line":111},"23":{"name":"(anonymous_23)","decl":{"start":{"line":115,"column":22},"end":{"line":115,"column":23}},"loc":{"start":{"line":115,"column":30},"end":{"line":118,"column":1}},"line":115},"24":{"name":"(anonymous_24)","decl":{"start":{"line":120,"column":28},"end":{"line":120,"column":29}},"loc":{"start":{"line":120,"column":36},"end":{"line":123,"column":1}},"line":120},"25":{"name":"(anonymous_25)","decl":{"start":{"line":124,"column":28},"end":{"line":124,"column":29}},"loc":{"start":{"line":124,"column":35},"end":{"line":126,"column":1}},"line":124},"26":{"name":"(anonymous_26)","decl":{"start":{"line":128,"column":31},"end":{"line":128,"column":32}},"loc":{"start":{"line":128,"column":38},"end":{"line":130,"column":1}},"line":128}},"branchMap":{},"s":{"0":6,"1":0,"2":6,"3":0,"4":6,"5":0,"6":0,"7":0,"8":6,"9":0,"10":6,"11":0,"12":6,"13":0,"14":6,"15":0,"16":6,"17":0,"18":6,"19":0,"20":6,"21":0,"22":6,"23":4,"24":6,"25":0,"26":6,"27":0,"28":6,"29":2,"30":6,"31":4,"32":6,"33":2,"34":6,"35":0,"36":6,"37":3,"38":6,"39":0,"40":6,"41":1,"42":6,"43":1,"44":6,"45":0,"46":6,"47":0,"48":6,"49":0,"50":6,"51":0,"52":6,"53":2},"f":{"0":0,"1":0,"2":0,"3":0,"4":0,"5":0,"6":0,"7":0,"8":0,"9":0,"10":0,"11":4,"12":0,"13":0,"14":2,"15":4,"16":2,"17":0,"18":3,"19":0,"20":1,"21":1,"22":0,"23":0,"24":0,"25":0,"26":2},"b":{},"_coverageSchema":"43e27e138ebf9cfc5966b082cf9a028302ed4184","hash":"cdc41325ea39a850506048b2ede57b08c0d231bc"}
,"/Users/marcus/Desktop/development/lumen-dashboard/src/scripts/CellStepManagement/duck/constants.js": {"path":"/Users/marcus/Desktop/development/lumen-dashboard/src/scripts/CellStepManagement/duck/constants.js","statementMap":{"0":{"start":{"line":1,"column":18},"end":{"line":1,"column":474}}},"fnMap":{},"branchMap":{},"s":{"0":1},"f":{},"b":{},"_coverageSchema":"43e27e138ebf9cfc5966b082cf9a028302ed4184","hash":"f1b6246fd3d4b086d4613bf3151be52cbfc62ae9"}
,"/Users/marcus/Desktop/development/lumen-dashboard/src/scripts/CellStepManagement/duck/index.js": {"path":"/Users/marcus/Desktop/development/lumen-dashboard/src/scripts/CellStepManagement/duck/index.js","statementMap":{},"fnMap":{},"branchMap":{},"s":{},"f":{},"b":{},"_coverageSchema":"43e27e138ebf9cfc5966b082cf9a028302ed4184","hash":"92b2090f06b7a5050fb41a63c11dd7af2ca448c0"}
,"/Users/marcus/Desktop/development/lumen-dashboard/src/scripts/CellStepManagement/duck/operations.js": {"path":"/Users/marcus/Desktop/development/lumen-dashboard/src/scripts/CellStepManagement/duck/operations.js","statementMap":{"0":{"start":{"line":5,"column":21},"end":{"line":5,"column":42}},"1":{"start":{"line":7,"column":23},"end":{"line":7,"column":46}},"2":{"start":{"line":8,"column":24},"end":{"line":8,"column":48}},"3":{"start":{"line":9,"column":20},"end":{"line":9,"column":40}},"4":{"start":{"line":10,"column":21},"end":{"line":10,"column":42}},"5":{"start":{"line":11,"column":19},"end":{"line":11,"column":38}},"6":{"start":{"line":12,"column":25},"end":{"line":12,"column":50}},"7":{"start":{"line":13,"column":23},"end":{"line":13,"column":46}},"8":{"start":{"line":14,"column":29},"end":{"line":14,"column":58}},"9":{"start":{"line":15,"column":32},"end":{"line":15,"column":64}},"10":{"start":{"line":16,"column":21},"end":{"line":16,"column":42}},"11":{"start":{"line":17,"column":23},"end":{"line":17,"column":46}},"12":{"start":{"line":18,"column":29},"end":{"line":18,"column":58}},"13":{"start":{"line":19,"column":27},"end":{"line":19,"column":54}},"14":{"start":{"line":20,"column":28},"end":{"line":20,"column":56}},"15":{"start":{"line":21,"column":28},"end":{"line":21,"column":56}},"16":{"start":{"line":22,"column":22},"end":{"line":22,"column":44}},"17":{"start":{"line":23,"column":24},"end":{"line":23,"column":48}},"18":{"start":{"line":24,"column":22},"end":{"line":24,"column":44}},"19":{"start":{"line":25,"column":28},"end":{"line":25,"column":56}},"20":{"start":{"line":26,"column":31},"end":{"line":26,"column":62}},"21":{"start":{"line":29,"column":20},"end":{"line":47,"column":1}},"22":{"start":{"line":30,"column":2},"end":{"line":46,"column":3}},"23":{"start":{"line":31,"column":4},"end":{"line":45,"column":5}},"24":{"start":{"line":32,"column":6},"end":{"line":32,"column":33}},"25":{"start":{"line":34,"column":18},"end":{"line":34,"column":53}},"26":{"start":{"line":35,"column":25},"end":{"line":35,"column":50}},"27":{"start":{"line":37,"column":29},"end":{"line":37,"column":52}},"28":{"start":{"line":38,"column":22},"end":{"line":38,"column":86}},"29":{"start":{"line":39,"column":6},"end":{"line":39,"column":49}},"30":{"start":{"line":40,"column":6},"end":{"line":40,"column":45}},"31":{"start":{"line":43,"column":6},"end":{"line":43,"column":35}},"32":{"start":{"line":44,"column":6},"end":{"line":44,"column":17}},"33":{"start":{"line":50,"column":18},"end":{"line":87,"column":1}},"34":{"start":{"line":51,"column":18},"end":{"line":51,"column":49}},"35":{"start":{"line":52,"column":2},"end":{"line":86,"column":4}},"36":{"start":{"line":53,"column":19},"end":{"line":53,"column":79}},"37":{"start":{"line":54,"column":4},"end":{"line":54,"column":29}},"38":{"start":{"line":54,"column":17},"end":{"line":54,"column":29}},"39":{"start":{"line":56,"column":49},"end":{"line":56,"column":55}},"40":{"start":{"line":57,"column":4},"end":{"line":59,"column":5}},"41":{"start":{"line":58,"column":6},"end":{"line":58,"column":13}},"42":{"start":{"line":61,"column":4},"end":{"line":63,"column":5}},"43":{"start":{"line":62,"column":6},"end":{"line":62,"column":13}},"44":{"start":{"line":65,"column":18},"end":{"line":65,"column":84}},"45":{"start":{"line":66,"column":19},"end":{"line":66,"column":90}},"46":{"start":{"line":67,"column":18},"end":{"line":67,"column":62}},"47":{"start":{"line":69,"column":4},"end":{"line":85,"column":5}},"48":{"start":{"line":70,"column":19},"end":{"line":70,"column":102}},"49":{"start":{"line":72,"column":6},"end":{"line":84,"column":7}},"50":{"start":{"line":73,"column":8},"end":{"line":73,"column":61}},"51":{"start":{"line":74,"column":25},"end":{"line":74,"column":65}},"52":{"start":{"line":75,"column":31},"end":{"line":75,"column":59}},"53":{"start":{"line":76,"column":27},"end":{"line":76,"column":57}},"54":{"start":{"line":77,"column":41},"end":{"line":77,"column":105}},"55":{"start":{"line":78,"column":8},"end":{"line":78,"column":64}},"56":{"start":{"line":79,"column":8},"end":{"line":79,"column":37}},"57":{"start":{"line":83,"column":8},"end":{"line":83,"column":19}},"58":{"start":{"line":89,"column":21},"end":{"line":146,"column":1}},"59":{"start":{"line":91,"column":2},"end":{"line":125,"column":3}},"60":{"start":{"line":93,"column":6},"end":{"line":93,"column":18}},"61":{"start":{"line":94,"column":6},"end":{"line":94,"column":26}},"62":{"start":{"line":95,"column":6},"end":{"line":95,"column":12}},"63":{"start":{"line":97,"column":6},"end":{"line":97,"column":24}},"64":{"start":{"line":98,"column":6},"end":{"line":98,"column":26}},"65":{"start":{"line":100,"column":6},"end":{"line":100,"column":12}},"66":{"start":{"line":102,"column":6},"end":{"line":102,"column":23}},"67":{"start":{"line":103,"column":6},"end":{"line":103,"column":25}},"68":{"start":{"line":104,"column":6},"end":{"line":104,"column":12}},"69":{"start":{"line":106,"column":6},"end":{"line":106,"column":20}},"70":{"start":{"line":107,"column":6},"end":{"line":107,"column":23}},"71":{"start":{"line":108,"column":6},"end":{"line":108,"column":12}},"72":{"start":{"line":110,"column":6},"end":{"line":110,"column":20}},"73":{"start":{"line":111,"column":6},"end":{"line":111,"column":20}},"74":{"start":{"line":112,"column":6},"end":{"line":112,"column":12}},"75":{"start":{"line":114,"column":6},"end":{"line":114,"column":20}},"76":{"start":{"line":115,"column":6},"end":{"line":115,"column":21}},"77":{"start":{"line":116,"column":6},"end":{"line":116,"column":12}},"78":{"start":{"line":118,"column":6},"end":{"line":118,"column":20}},"79":{"start":{"line":119,"column":6},"end":{"line":119,"column":23}},"80":{"start":{"line":120,"column":6},"end":{"line":120,"column":12}},"81":{"start":{"line":122,"column":6},"end":{"line":122,"column":29}},"82":{"start":{"line":123,"column":6},"end":{"line":123,"column":26}},"83":{"start":{"line":127,"column":2},"end":{"line":145,"column":4}},"84":{"start":{"line":128,"column":4},"end":{"line":128,"column":37}},"85":{"start":{"line":129,"column":17},"end":{"line":131,"column":5}},"86":{"start":{"line":133,"column":4},"end":{"line":143,"column":5}},"87":{"start":{"line":134,"column":6},"end":{"line":140,"column":7}},"88":{"start":{"line":135,"column":20},"end":{"line":135,"column":65}},"89":{"start":{"line":136,"column":8},"end":{"line":136,"column":53}},"90":{"start":{"line":139,"column":8},"end":{"line":139,"column":17}},"91":{"start":{"line":142,"column":6},"end":{"line":142,"column":18}},"92":{"start":{"line":148,"column":27},"end":{"line":156,"column":1}},"93":{"start":{"line":149,"column":14},"end":{"line":149,"column":16}},"94":{"start":{"line":150,"column":21},"end":{"line":150,"column":37}},"95":{"start":{"line":151,"column":15},"end":{"line":151,"column":33}},"96":{"start":{"line":152,"column":2},"end":{"line":152,"column":15}},"97":{"start":{"line":153,"column":2},"end":{"line":153,"column":47}},"98":{"start":{"line":154,"column":2},"end":{"line":154,"column":20}},"99":{"start":{"line":155,"column":2},"end":{"line":155,"column":12}},"100":{"start":{"line":158,"column":28},"end":{"line":184,"column":1}},"101":{"start":{"line":159,"column":13},"end":{"line":159,"column":15}},"102":{"start":{"line":160,"column":2},"end":{"line":181,"column":3}},"103":{"start":{"line":162,"column":6},"end":{"line":162,"column":154}},"104":{"start":{"line":163,"column":6},"end":{"line":163,"column":12}},"105":{"start":{"line":165,"column":6},"end":{"line":165,"column":154}},"106":{"start":{"line":166,"column":6},"end":{"line":166,"column":12}},"107":{"start":{"line":168,"column":6},"end":{"line":168,"column":100}},"108":{"start":{"line":169,"column":6},"end":{"line":169,"column":11}},"109":{"start":{"line":171,"column":6},"end":{"line":171,"column":147}},"110":{"start":{"line":172,"column":6},"end":{"line":172,"column":12}},"111":{"start":{"line":174,"column":6},"end":{"line":174,"column":115}},"112":{"start":{"line":175,"column":6},"end":{"line":175,"column":12}},"113":{"start":{"line":177,"column":6},"end":{"line":177,"column":124}},"114":{"start":{"line":178,"column":6},"end":{"line":178,"column":11}},"115":{"start":{"line":180,"column":6},"end":{"line":180,"column":15}},"116":{"start":{"line":183,"column":2},"end":{"line":183,"column":13}},"117":{"start":{"line":186,"column":16},"end":{"line":230,"column":1}},"118":{"start":{"line":187,"column":18},"end":{"line":187,"column":49}},"119":{"start":{"line":188,"column":25},"end":{"line":188,"column":50}},"120":{"start":{"line":189,"column":2},"end":{"line":229,"column":4}},"121":{"start":{"line":190,"column":19},"end":{"line":190,"column":79}},"122":{"start":{"line":191,"column":4},"end":{"line":191,"column":29}},"123":{"start":{"line":191,"column":17},"end":{"line":191,"column":29}},"124":{"start":{"line":194,"column":4},"end":{"line":201,"column":5}},"125":{"start":{"line":195,"column":6},"end":{"line":198,"column":7}},"126":{"start":{"line":200,"column":6},"end":{"line":200,"column":66}},"127":{"start":{"line":203,"column":22},"end":{"line":203,"column":43}},"128":{"start":{"line":204,"column":4},"end":{"line":204,"column":23}},"129":{"start":{"line":206,"column":25},"end":{"line":208,"column":6}},"130":{"start":{"line":207,"column":6},"end":{"line":207,"column":64}},"131":{"start":{"line":209,"column":17},"end":{"line":209,"column":19}},"132":{"start":{"line":210,"column":4},"end":{"line":210,"column":35}},"133":{"start":{"line":213,"column":18},"end":{"line":213,"column":100}},"134":{"start":{"line":214,"column":4},"end":{"line":227,"column":5}},"135":{"start":{"line":215,"column":6},"end":{"line":215,"column":59}},"136":{"start":{"line":216,"column":6},"end":{"line":216,"column":63}},"137":{"start":{"line":217,"column":23},"end":{"line":217,"column":63}},"138":{"start":{"line":218,"column":29},"end":{"line":218,"column":57}},"139":{"start":{"line":219,"column":25},"end":{"line":219,"column":55}},"140":{"start":{"line":220,"column":39},"end":{"line":220,"column":103}},"141":{"start":{"line":221,"column":6},"end":{"line":221,"column":35}},"142":{"start":{"line":222,"column":6},"end":{"line":222,"column":62}},"143":{"start":{"line":226,"column":6},"end":{"line":226,"column":15}},"144":{"start":{"line":233,"column":19},"end":{"line":269,"column":1}},"145":{"start":{"line":234,"column":2},"end":{"line":268,"column":4}},"146":{"start":{"line":236,"column":19},"end":{"line":236,"column":79}},"147":{"start":{"line":237,"column":4},"end":{"line":237,"column":30}},"148":{"start":{"line":237,"column":17},"end":{"line":237,"column":30}},"149":{"start":{"line":238,"column":17},"end":{"line":240,"column":5}},"150":{"start":{"line":242,"column":17},"end":{"line":242,"column":73}},"151":{"start":{"line":243,"column":4},"end":{"line":243,"column":23}},"152":{"start":{"line":244,"column":25},"end":{"line":246,"column":6}},"153":{"start":{"line":245,"column":6},"end":{"line":245,"column":64}},"154":{"start":{"line":247,"column":22},"end":{"line":247,"column":24}},"155":{"start":{"line":248,"column":4},"end":{"line":248,"column":40}},"156":{"start":{"line":251,"column":4},"end":{"line":266,"column":5}},"157":{"start":{"line":252,"column":6},"end":{"line":252,"column":64}},"158":{"start":{"line":253,"column":6},"end":{"line":253,"column":58}},"159":{"start":{"line":254,"column":23},"end":{"line":254,"column":63}},"160":{"start":{"line":255,"column":29},"end":{"line":255,"column":57}},"161":{"start":{"line":256,"column":25},"end":{"line":256,"column":55}},"162":{"start":{"line":257,"column":39},"end":{"line":257,"column":103}},"163":{"start":{"line":258,"column":6},"end":{"line":258,"column":62}},"164":{"start":{"line":259,"column":6},"end":{"line":259,"column":28}},"165":{"start":{"line":260,"column":6},"end":{"line":260,"column":37}},"166":{"start":{"line":261,"column":6},"end":{"line":261,"column":35}},"167":{"start":{"line":265,"column":6},"end":{"line":265,"column":17}},"168":{"start":{"line":271,"column":16},"end":{"line":293,"column":1}},"169":{"start":{"line":272,"column":15},"end":{"line":275,"column":3}},"170":{"start":{"line":276,"column":2},"end":{"line":292,"column":3}},"171":{"start":{"line":277,"column":4},"end":{"line":291,"column":5}},"172":{"start":{"line":278,"column":21},"end":{"line":281,"column":7}},"173":{"start":{"line":282,"column":18},"end":{"line":282,"column":53}},"174":{"start":{"line":283,"column":6},"end":{"line":283,"column":51}},"175":{"start":{"line":284,"column":6},"end":{"line":284,"column":35}},"176":{"start":{"line":289,"column":6},"end":{"line":289,"column":30}},"177":{"start":{"line":290,"column":6},"end":{"line":290,"column":17}},"178":{"start":{"line":295,"column":17},"end":{"line":328,"column":1}},"179":{"start":{"line":296,"column":2},"end":{"line":327,"column":3}},"180":{"start":{"line":297,"column":4},"end":{"line":297,"column":29}},"181":{"start":{"line":298,"column":15},"end":{"line":298,"column":17}},"182":{"start":{"line":299,"column":4},"end":{"line":315,"column":5}},"183":{"start":{"line":300,"column":23},"end":{"line":300,"column":82}},"184":{"start":{"line":301,"column":6},"end":{"line":305,"column":7}},"185":{"start":{"line":308,"column":24},"end":{"line":308,"column":84}},"186":{"start":{"line":310,"column":6},"end":{"line":314,"column":7}},"187":{"start":{"line":317,"column":4},"end":{"line":326,"column":5}},"188":{"start":{"line":318,"column":18},"end":{"line":318,"column":59}},"189":{"start":{"line":319,"column":6},"end":{"line":319,"column":36}},"190":{"start":{"line":320,"column":6},"end":{"line":320,"column":36}},"191":{"start":{"line":324,"column":6},"end":{"line":324,"column":31}},"192":{"start":{"line":325,"column":6},"end":{"line":325,"column":17}},"193":{"start":{"line":330,"column":22},"end":{"line":346,"column":1}},"194":{"start":{"line":331,"column":2},"end":{"line":345,"column":3}},"195":{"start":{"line":332,"column":4},"end":{"line":332,"column":29}},"196":{"start":{"line":333,"column":17},"end":{"line":336,"column":5}},"197":{"start":{"line":337,"column":4},"end":{"line":344,"column":5}},"198":{"start":{"line":338,"column":6},"end":{"line":338,"column":48}},"199":{"start":{"line":339,"column":6},"end":{"line":339,"column":37}},"200":{"start":{"line":343,"column":6},"end":{"line":343,"column":17}},"201":{"start":{"line":348,"column":21},"end":{"line":365,"column":1}},"202":{"start":{"line":349,"column":2},"end":{"line":364,"column":3}},"203":{"start":{"line":350,"column":17},"end":{"line":354,"column":5}},"204":{"start":{"line":355,"column":4},"end":{"line":363,"column":5}},"205":{"start":{"line":356,"column":6},"end":{"line":356,"column":52}},"206":{"start":{"line":357,"column":6},"end":{"line":357,"column":33}},"207":{"start":{"line":358,"column":6},"end":{"line":358,"column":36}},"208":{"start":{"line":362,"column":6},"end":{"line":362,"column":17}},"209":{"start":{"line":367,"column":26},"end":{"line":375,"column":1}},"210":{"start":{"line":368,"column":2},"end":{"line":374,"column":3}},"211":{"start":{"line":369,"column":4},"end":{"line":369,"column":38}},"212":{"start":{"line":370,"column":4},"end":{"line":372,"column":12}},"213":{"start":{"line":371,"column":6},"end":{"line":371,"column":40}},"214":{"start":{"line":377,"column":18},"end":{"line":383,"column":1}},"215":{"start":{"line":378,"column":2},"end":{"line":382,"column":4}},"216":{"start":{"line":379,"column":4},"end":{"line":379,"column":21}},"217":{"start":{"line":380,"column":4},"end":{"line":380,"column":31}}},"fnMap":{"0":{"name":"(anonymous_0)","decl":{"start":{"line":29,"column":20},"end":{"line":29,"column":21}},"loc":{"start":{"line":29,"column":28},"end":{"line":47,"column":1}},"line":29},"1":{"name":"(anonymous_1)","decl":{"start":{"line":30,"column":9},"end":{"line":30,"column":10}},"loc":{"start":{"line":30,"column":27},"end":{"line":46,"column":3}},"line":30},"2":{"name":"(anonymous_2)","decl":{"start":{"line":50,"column":18},"end":{"line":50,"column":19}},"loc":{"start":{"line":50,"column":30},"end":{"line":87,"column":1}},"line":50},"3":{"name":"(anonymous_3)","decl":{"start":{"line":52,"column":9},"end":{"line":52,"column":10}},"loc":{"start":{"line":52,"column":39},"end":{"line":86,"column":3}},"line":52},"4":{"name":"(anonymous_4)","decl":{"start":{"line":89,"column":21},"end":{"line":89,"column":22}},"loc":{"start":{"line":89,"column":35},"end":{"line":146,"column":1}},"line":89},"5":{"name":"(anonymous_5)","decl":{"start":{"line":127,"column":9},"end":{"line":127,"column":10}},"loc":{"start":{"line":127,"column":27},"end":{"line":145,"column":3}},"line":127},"6":{"name":"(anonymous_6)","decl":{"start":{"line":148,"column":27},"end":{"line":148,"column":28}},"loc":{"start":{"line":148,"column":38},"end":{"line":156,"column":1}},"line":148},"7":{"name":"(anonymous_7)","decl":{"start":{"line":158,"column":28},"end":{"line":158,"column":29}},"loc":{"start":{"line":158,"column":95},"end":{"line":184,"column":1}},"line":158},"8":{"name":"(anonymous_8)","decl":{"start":{"line":186,"column":16},"end":{"line":186,"column":17}},"loc":{"start":{"line":186,"column":63},"end":{"line":230,"column":1}},"line":186},"9":{"name":"(anonymous_9)","decl":{"start":{"line":189,"column":9},"end":{"line":189,"column":10}},"loc":{"start":{"line":189,"column":39},"end":{"line":229,"column":3}},"line":189},"10":{"name":"(anonymous_10)","decl":{"start":{"line":206,"column":44},"end":{"line":206,"column":45}},"loc":{"start":{"line":206,"column":61},"end":{"line":208,"column":5}},"line":206},"11":{"name":"(anonymous_11)","decl":{"start":{"line":233,"column":19},"end":{"line":233,"column":20}},"loc":{"start":{"line":233,"column":46},"end":{"line":269,"column":1}},"line":233},"12":{"name":"(anonymous_12)","decl":{"start":{"line":234,"column":9},"end":{"line":234,"column":10}},"loc":{"start":{"line":234,"column":39},"end":{"line":268,"column":3}},"line":234},"13":{"name":"(anonymous_13)","decl":{"start":{"line":244,"column":44},"end":{"line":244,"column":45}},"loc":{"start":{"line":244,"column":61},"end":{"line":246,"column":5}},"line":244},"14":{"name":"(anonymous_14)","decl":{"start":{"line":271,"column":16},"end":{"line":271,"column":17}},"loc":{"start":{"line":271,"column":42},"end":{"line":293,"column":1}},"line":271},"15":{"name":"(anonymous_15)","decl":{"start":{"line":276,"column":9},"end":{"line":276,"column":10}},"loc":{"start":{"line":276,"column":29},"end":{"line":292,"column":3}},"line":276},"16":{"name":"(anonymous_16)","decl":{"start":{"line":295,"column":17},"end":{"line":295,"column":18}},"loc":{"start":{"line":295,"column":47},"end":{"line":328,"column":1}},"line":295},"17":{"name":"(anonymous_17)","decl":{"start":{"line":296,"column":9},"end":{"line":296,"column":10}},"loc":{"start":{"line":296,"column":39},"end":{"line":327,"column":3}},"line":296},"18":{"name":"(anonymous_18)","decl":{"start":{"line":330,"column":22},"end":{"line":330,"column":23}},"loc":{"start":{"line":330,"column":46},"end":{"line":346,"column":1}},"line":330},"19":{"name":"(anonymous_19)","decl":{"start":{"line":331,"column":9},"end":{"line":331,"column":10}},"loc":{"start":{"line":331,"column":29},"end":{"line":345,"column":3}},"line":331},"20":{"name":"(anonymous_20)","decl":{"start":{"line":348,"column":21},"end":{"line":348,"column":22}},"loc":{"start":{"line":348,"column":58},"end":{"line":365,"column":1}},"line":348},"21":{"name":"(anonymous_21)","decl":{"start":{"line":349,"column":9},"end":{"line":349,"column":10}},"loc":{"start":{"line":349,"column":29},"end":{"line":364,"column":3}},"line":349},"22":{"name":"(anonymous_22)","decl":{"start":{"line":367,"column":26},"end":{"line":367,"column":27}},"loc":{"start":{"line":367,"column":32},"end":{"line":375,"column":1}},"line":367},"23":{"name":"(anonymous_23)","decl":{"start":{"line":368,"column":9},"end":{"line":368,"column":10}},"loc":{"start":{"line":368,"column":23},"end":{"line":374,"column":3}},"line":368},"24":{"name":"(anonymous_24)","decl":{"start":{"line":370,"column":15},"end":{"line":370,"column":16}},"loc":{"start":{"line":370,"column":21},"end":{"line":372,"column":5}},"line":370},"25":{"name":"(anonymous_25)","decl":{"start":{"line":377,"column":18},"end":{"line":377,"column":19}},"loc":{"start":{"line":377,"column":34},"end":{"line":383,"column":1}},"line":377},"26":{"name":"(anonymous_26)","decl":{"start":{"line":378,"column":9},"end":{"line":378,"column":10}},"loc":{"start":{"line":378,"column":23},"end":{"line":382,"column":3}},"line":378}},"branchMap":{"0":{"loc":{"start":{"line":54,"column":4},"end":{"line":54,"column":29}},"type":"if","locations":[{"start":{"line":54,"column":4},"end":{"line":54,"column":29}},{"start":{"line":54,"column":4},"end":{"line":54,"column":29}}],"line":54},"1":{"loc":{"start":{"line":57,"column":4},"end":{"line":59,"column":5}},"type":"if","locations":[{"start":{"line":57,"column":4},"end":{"line":59,"column":5}},{"start":{"line":57,"column":4},"end":{"line":59,"column":5}}],"line":57},"2":{"loc":{"start":{"line":61,"column":4},"end":{"line":63,"column":5}},"type":"if","locations":[{"start":{"line":61,"column":4},"end":{"line":63,"column":5}},{"start":{"line":61,"column":4},"end":{"line":63,"column":5}}],"line":61},"3":{"loc":{"start":{"line":61,"column":8},"end":{"line":61,"column":92}},"type":"binary-expr","locations":[{"start":{"line":61,"column":8},"end":{"line":61,"column":54}},{"start":{"line":61,"column":58},"end":{"line":61,"column":92}}],"line":61},"4":{"loc":{"start":{"line":69,"column":4},"end":{"line":85,"column":5}},"type":"if","locations":[{"start":{"line":69,"column":4},"end":{"line":85,"column":5}},{"start":{"line":69,"column":4},"end":{"line":85,"column":5}}],"line":69},"5":{"loc":{"start":{"line":91,"column":2},"end":{"line":125,"column":3}},"type":"switch","locations":[{"start":{"line":92,"column":4},"end":{"line":95,"column":12}},{"start":{"line":96,"column":4},"end":{"line":100,"column":12}},{"start":{"line":101,"column":4},"end":{"line":104,"column":12}},{"start":{"line":105,"column":4},"end":{"line":108,"column":12}},{"start":{"line":109,"column":4},"end":{"line":112,"column":12}},{"start":{"line":113,"column":4},"end":{"line":116,"column":12}},{"start":{"line":117,"column":4},"end":{"line":120,"column":12}},{"start":{"line":121,"column":4},"end":{"line":123,"column":26}}],"line":91},"6":{"loc":{"start":{"line":133,"column":4},"end":{"line":143,"column":5}},"type":"if","locations":[{"start":{"line":133,"column":4},"end":{"line":143,"column":5}},{"start":{"line":133,"column":4},"end":{"line":143,"column":5}}],"line":133},"7":{"loc":{"start":{"line":133,"column":8},"end":{"line":133,"column":69}},"type":"binary-expr","locations":[{"start":{"line":133,"column":8},"end":{"line":133,"column":30}},{"start":{"line":133,"column":34},"end":{"line":133,"column":50}},{"start":{"line":133,"column":54},"end":{"line":133,"column":69}}],"line":133},"8":{"loc":{"start":{"line":160,"column":2},"end":{"line":181,"column":3}},"type":"switch","locations":[{"start":{"line":161,"column":4},"end":{"line":163,"column":12}},{"start":{"line":164,"column":4},"end":{"line":166,"column":12}},{"start":{"line":167,"column":4},"end":{"line":169,"column":11}},{"start":{"line":170,"column":4},"end":{"line":172,"column":12}},{"start":{"line":173,"column":4},"end":{"line":175,"column":12}},{"start":{"line":176,"column":4},"end":{"line":178,"column":11}},{"start":{"line":179,"column":4},"end":{"line":180,"column":15}}],"line":160},"9":{"loc":{"start":{"line":191,"column":4},"end":{"line":191,"column":29}},"type":"if","locations":[{"start":{"line":191,"column":4},"end":{"line":191,"column":29}},{"start":{"line":191,"column":4},"end":{"line":191,"column":29}}],"line":191},"10":{"loc":{"start":{"line":194,"column":4},"end":{"line":201,"column":5}},"type":"if","locations":[{"start":{"line":194,"column":4},"end":{"line":201,"column":5}},{"start":{"line":194,"column":4},"end":{"line":201,"column":5}}],"line":194},"11":{"loc":{"start":{"line":237,"column":4},"end":{"line":237,"column":30}},"type":"if","locations":[{"start":{"line":237,"column":4},"end":{"line":237,"column":30}},{"start":{"line":237,"column":4},"end":{"line":237,"column":30}}],"line":237},"12":{"loc":{"start":{"line":299,"column":4},"end":{"line":315,"column":5}},"type":"if","locations":[{"start":{"line":299,"column":4},"end":{"line":315,"column":5}},{"start":{"line":299,"column":4},"end":{"line":315,"column":5}}],"line":299}},"s":{"0":6,"1":6,"2":6,"3":6,"4":6,"5":6,"6":6,"7":6,"8":6,"9":6,"10":6,"11":6,"12":6,"13":6,"14":6,"15":6,"16":6,"17":6,"18":6,"19":6,"20":6,"21":6,"22":2,"23":2,"24":2,"25":2,"26":2,"27":2,"28":2,"29":2,"30":2,"31":0,"32":0,"33":6,"34":1,"35":1,"36":1,"37":1,"38":0,"39":1,"40":1,"41":0,"42":1,"43":0,"44":1,"45":1,"46":1,"47":1,"48":1,"49":1,"50":1,"51":1,"52":1,"53":1,"54":1,"55":1,"56":1,"57":0,"58":6,"59":4,"60":0,"61":0,"62":0,"63":1,"64":1,"65":1,"66":0,"67":0,"68":0,"69":1,"70":1,"71":1,"72":1,"73":1,"74":1,"75":1,"76":1,"77":1,"78":0,"79":0,"80":0,"81":0,"82":0,"83":4,"84":4,"85":4,"86":4,"87":3,"88":3,"89":3,"90":0,"91":1,"92":6,"93":2,"94":2,"95":2,"96":2,"97":2,"98":2,"99":2,"100":6,"101":1,"102":1,"103":0,"104":0,"105":0,"106":0,"107":0,"108":0,"109":1,"110":1,"111":0,"112":0,"113":0,"114":0,"115":0,"116":1,"117":6,"118":1,"119":1,"120":1,"121":1,"122":1,"123":0,"124":1,"125":1,"126":0,"127":1,"128":1,"129":1,"130":0,"131":1,"132":1,"133":1,"134":1,"135":1,"136":1,"137":1,"138":1,"139":1,"140":1,"141":1,"142":1,"143":0,"144":6,"145":0,"146":0,"147":0,"148":0,"149":0,"150":0,"151":0,"152":0,"153":0,"154":0,"155":0,"156":0,"157":0,"158":0,"159":0,"160":0,"161":0,"162":0,"163":0,"164":0,"165":0,"166":0,"167":0,"168":6,"169":0,"170":0,"171":0,"172":0,"173":0,"174":0,"175":0,"176":0,"177":0,"178":6,"179":1,"180":1,"181":1,"182":1,"183":0,"184":0,"185":1,"186":1,"187":1,"188":1,"189":1,"190":1,"191":0,"192":0,"193":6,"194":0,"195":0,"196":0,"197":0,"198":0,"199":0,"200":0,"201":6,"202":0,"203":0,"204":0,"205":0,"206":0,"207":0,"208":0,"209":6,"210":2,"211":2,"212":2,"213":0,"214":6,"215":0,"216":0,"217":0},"f":{"0":2,"1":2,"2":1,"3":1,"4":4,"5":4,"6":2,"7":1,"8":1,"9":1,"10":0,"11":0,"12":0,"13":0,"14":0,"15":0,"16":1,"17":1,"18":0,"19":0,"20":0,"21":0,"22":2,"23":2,"24":0,"25":0,"26":0},"b":{"0":[0,1],"1":[0,1],"2":[0,1],"3":[1,1],"4":[1,0],"5":[0,1,0,1,1,1,0,0],"6":[3,1],"7":[4,3,2],"8":[0,0,0,1,0,0,0],"9":[0,1],"10":[1,0],"11":[0,0],"12":[0,1]},"_coverageSchema":"43e27e138ebf9cfc5966b082cf9a028302ed4184","hash":"e8a6278bc0ae433a8770a369dcc93a10b26fe8b9"}
,"/Users/marcus/Desktop/development/lumen-dashboard/src/scripts/CellStepManagement/duck/reducers.js": {"path":"/Users/marcus/Desktop/development/lumen-dashboard/src/scripts/CellStepManagement/duck/reducers.js","statementMap":{"0":{"start":{"line":3,"column":27},"end":{"line":204,"column":1}},"1":{"start":{"line":20,"column":2},"end":{"line":203,"column":3}},"2":{"start":{"line":22,"column":4},"end":{"line":25,"column":6}},"3":{"start":{"line":29,"column":4},"end":{"line":29,"column":24}},"4":{"start":{"line":30,"column":4},"end":{"line":35,"column":6}},"5":{"start":{"line":39,"column":4},"end":{"line":54,"column":6}},"6":{"start":{"line":57,"column":4},"end":{"line":63,"column":6}},"7":{"start":{"line":66,"column":4},"end":{"line":69,"column":6}},"8":{"start":{"line":72,"column":4},"end":{"line":78,"column":6}},"9":{"start":{"line":81,"column":4},"end":{"line":86,"column":6}},"10":{"start":{"line":89,"column":4},"end":{"line":89,"column":25}},"11":{"start":{"line":90,"column":4},"end":{"line":96,"column":6}},"12":{"start":{"line":99,"column":4},"end":{"line":105,"column":6}},"13":{"start":{"line":108,"column":4},"end":{"line":111,"column":6}},"14":{"start":{"line":114,"column":4},"end":{"line":117,"column":6}},"15":{"start":{"line":120,"column":4},"end":{"line":125,"column":6}},"16":{"start":{"line":128,"column":4},"end":{"line":135,"column":6}},"17":{"start":{"line":139,"column":4},"end":{"line":143,"column":6}},"18":{"start":{"line":147,"column":4},"end":{"line":152,"column":6}},"19":{"start":{"line":155,"column":4},"end":{"line":158,"column":6}},"20":{"start":{"line":161,"column":4},"end":{"line":165,"column":6}},"21":{"start":{"line":167,"column":4},"end":{"line":171,"column":6}},"22":{"start":{"line":173,"column":4},"end":{"line":176,"column":6}},"23":{"start":{"line":178,"column":4},"end":{"line":181,"column":6}},"24":{"start":{"line":184,"column":4},"end":{"line":190,"column":6}},"25":{"start":{"line":193,"column":4},"end":{"line":195,"column":6}},"26":{"start":{"line":202,"column":4},"end":{"line":202,"column":17}}},"fnMap":{"0":{"name":"(anonymous_0)","decl":{"start":{"line":3,"column":27},"end":{"line":3,"column":28}},"loc":{"start":{"line":19,"column":14},"end":{"line":204,"column":1}},"line":19}},"branchMap":{"0":{"loc":{"start":{"line":3,"column":28},"end":{"line":19,"column":1}},"type":"default-arg","locations":[{"start":{"line":3,"column":36},"end":{"line":19,"column":1}}],"line":3},"1":{"loc":{"start":{"line":20,"column":2},"end":{"line":203,"column":3}},"type":"switch","locations":[{"start":{"line":21,"column":2},"end":{"line":26,"column":3}},{"start":{"line":28,"column":2},"end":{"line":37,"column":3}},{"start":{"line":38,"column":2},"end":{"line":55,"column":3}},{"start":{"line":56,"column":2},"end":{"line":64,"column":3}},{"start":{"line":65,"column":2},"end":{"line":70,"column":3}},{"start":{"line":71,"column":2},"end":{"line":79,"column":3}},{"start":{"line":80,"column":2},"end":{"line":87,"column":3}},{"start":{"line":88,"column":2},"end":{"line":97,"column":3}},{"start":{"line":98,"column":2},"end":{"line":106,"column":3}},{"start":{"line":107,"column":2},"end":{"line":112,"column":3}},{"start":{"line":113,"column":2},"end":{"line":118,"column":3}},{"start":{"line":119,"column":2},"end":{"line":126,"column":3}},{"start":{"line":127,"column":2},"end":{"line":136,"column":3}},{"start":{"line":137,"column":2},"end":{"line":144,"column":3}},{"start":{"line":145,"column":2},"end":{"line":153,"column":3}},{"start":{"line":154,"column":2},"end":{"line":159,"column":3}},{"start":{"line":160,"column":2},"end":{"line":165,"column":6}},{"start":{"line":166,"column":2},"end":{"line":171,"column":6}},{"start":{"line":172,"column":2},"end":{"line":176,"column":6}},{"start":{"line":177,"column":2},"end":{"line":182,"column":3}},{"start":{"line":183,"column":2},"end":{"line":191,"column":3}},{"start":{"line":192,"column":2},"end":{"line":196,"column":3}},{"start":{"line":201,"column":2},"end":{"line":202,"column":17}}],"line":20}},"s":{"0":7,"1":5,"2":0,"3":1,"4":1,"5":1,"6":0,"7":0,"8":0,"9":0,"10":0,"11":0,"12":0,"13":1,"14":1,"15":1,"16":0,"17":0,"18":0,"19":0,"20":0,"21":0,"22":0,"23":0,"24":0,"25":0,"26":0},"f":{"0":5},"b":{"0":[5],"1":[0,1,1,0,0,0,0,0,0,1,1,1,0,0,0,0,0,0,0,0,0,0,0]},"_coverageSchema":"43e27e138ebf9cfc5966b082cf9a028302ed4184","hash":"6144a80bde2a2e519f2e50841542b460b1259fd6"}
,"/Users/marcus/Desktop/development/lumen-dashboard/src/scripts/CellStepManagement/duck/types.js": {"path":"/Users/marcus/Desktop/development/lumen-dashboard/src/scripts/CellStepManagement/duck/types.js","statementMap":{"0":{"start":{"line":2,"column":23},"end":{"line":2,"column":39}},"1":{"start":{"line":3,"column":24},"end":{"line":3,"column":41}},"2":{"start":{"line":4,"column":36},"end":{"line":4,"column":58}},"3":{"start":{"line":5,"column":37},"end":{"line":5,"column":60}},"4":{"start":{"line":6,"column":20},"end":{"line":6,"column":33}},"5":{"start":{"line":7,"column":27},"end":{"line":7,"column":47}},"6":{"start":{"line":8,"column":21},"end":{"line":8,"column":35}},"7":{"start":{"line":9,"column":20},"end":{"line":9,"column":33}},"8":{"start":{"line":10,"column":25},"end":{"line":10,"column":43}},"9":{"start":{"line":11,"column":27},"end":{"line":11,"column":47}},"10":{"start":{"line":12,"column":31},"end":{"line":12,"column":55}},"11":{"start":{"line":13,"column":25},"end":{"line":13,"column":43}},"12":{"start":{"line":14,"column":31},"end":{"line":14,"column":55}},"13":{"start":{"line":15,"column":23},"end":{"line":15,"column":39}},"14":{"start":{"line":16,"column":25},"end":{"line":16,"column":43}},"15":{"start":{"line":17,"column":26},"end":{"line":17,"column":45}},"16":{"start":{"line":18,"column":22},"end":{"line":18,"column":37}},"17":{"start":{"line":19,"column":23},"end":{"line":19,"column":39}},"18":{"start":{"line":20,"column":24},"end":{"line":20,"column":41}},"19":{"start":{"line":21,"column":26},"end":{"line":21,"column":45}},"20":{"start":{"line":22,"column":24},"end":{"line":22,"column":41}},"21":{"start":{"line":23,"column":24},"end":{"line":23,"column":41}},"22":{"start":{"line":24,"column":31},"end":{"line":24,"column":55}},"23":{"start":{"line":25,"column":14},"end":{"line":25,"column":21}},"24":{"start":{"line":26,"column":19},"end":{"line":26,"column":31}},"25":{"start":{"line":27,"column":26},"end":{"line":27,"column":45}},"26":{"start":{"line":28,"column":17},"end":{"line":28,"column":27}}},"fnMap":{},"branchMap":{},"s":{"0":7,"1":7,"2":7,"3":7,"4":7,"5":7,"6":7,"7":7,"8":7,"9":7,"10":7,"11":7,"12":7,"13":7,"14":7,"15":7,"16":7,"17":7,"18":7,"19":7,"20":7,"21":7,"22":7,"23":7,"24":7,"25":7,"26":7},"f":{},"b":{},"_coverageSchema":"43e27e138ebf9cfc5966b082cf9a028302ed4184","hash":"ac19983a00fbf6e31b7afc49ca811e0b1cd826be"}
,"/Users/marcus/Desktop/development/lumen-dashboard/src/scripts/Dashboard/duck/HttpService.js": {"path":"/Users/marcus/Desktop/development/lumen-dashboard/src/scripts/Dashboard/duck/HttpService.js","statementMap":{"0":{"start":{"line":6,"column":20},"end":{"line":28,"column":1}},"1":{"start":{"line":8,"column":4},"end":{"line":12,"column":7}},"2":{"start":{"line":15,"column":4},"end":{"line":19,"column":7}},"3":{"start":{"line":22,"column":4},"end":{"line":26,"column":7}}},"fnMap":{"0":{"name":"(anonymous_0)","decl":{"start":{"line":7,"column":16},"end":{"line":7,"column":17}},"loc":{"start":{"line":7,"column":22},"end":{"line":13,"column":3}},"line":7},"1":{"name":"(anonymous_1)","decl":{"start":{"line":14,"column":14},"end":{"line":14,"column":15}},"loc":{"start":{"line":14,"column":20},"end":{"line":20,"column":3}},"line":14},"2":{"name":"(anonymous_2)","decl":{"start":{"line":21,"column":22},"end":{"line":21,"column":23}},"loc":{"start":{"line":21,"column":28},"end":{"line":27,"column":3}},"line":21}},"branchMap":{},"s":{"0":2,"1":0,"2":0,"3":0},"f":{"0":0,"1":0,"2":0},"b":{},"_coverageSchema":"43e27e138ebf9cfc5966b082cf9a028302ed4184","hash":"988ce328e7922ff1c92566ed0da64f51bc92bb4e"}
,"/Users/marcus/Desktop/development/lumen-dashboard/src/scripts/Dashboard/duck/actions.js": {"path":"/Users/marcus/Desktop/development/lumen-dashboard/src/scripts/Dashboard/duck/actions.js","statementMap":{"0":{"start":{"line":3,"column":26},"end":{"line":5,"column":2}},"1":{"start":{"line":3,"column":33},"end":{"line":5,"column":1}},"2":{"start":{"line":7,"column":28},"end":{"line":10,"column":2}},"3":{"start":{"line":7,"column":40},"end":{"line":10,"column":1}},"4":{"start":{"line":12,"column":26},"end":{"line":15,"column":2}},"5":{"start":{"line":12,"column":36},"end":{"line":15,"column":1}},"6":{"start":{"line":18,"column":29},"end":{"line":22,"column":2}},"7":{"start":{"line":18,"column":46},"end":{"line":22,"column":1}},"8":{"start":{"line":24,"column":29},"end":{"line":28,"column":2}},"9":{"start":{"line":24,"column":46},"end":{"line":28,"column":1}},"10":{"start":{"line":30,"column":15},"end":{"line":35,"column":1}},"11":{"start":{"line":31,"column":2},"end":{"line":34,"column":4}},"12":{"start":{"line":37,"column":19},"end":{"line":41,"column":1}},"13":{"start":{"line":38,"column":2},"end":{"line":40,"column":4}},"14":{"start":{"line":43,"column":24},"end":{"line":47,"column":1}},"15":{"start":{"line":44,"column":2},"end":{"line":46,"column":4}},"16":{"start":{"line":49,"column":23},"end":{"line":54,"column":1}},"17":{"start":{"line":50,"column":2},"end":{"line":53,"column":4}},"18":{"start":{"line":56,"column":29},"end":{"line":61,"column":1}},"19":{"start":{"line":57,"column":2},"end":{"line":60,"column":4}},"20":{"start":{"line":64,"column":22},"end":{"line":67,"column":2}},"21":{"start":{"line":64,"column":33},"end":{"line":67,"column":1}},"22":{"start":{"line":69,"column":28},"end":{"line":73,"column":1}},"23":{"start":{"line":70,"column":2},"end":{"line":72,"column":4}},"24":{"start":{"line":75,"column":28},"end":{"line":79,"column":1}},"25":{"start":{"line":76,"column":2},"end":{"line":78,"column":4}}},"fnMap":{"0":{"name":"(anonymous_0)","decl":{"start":{"line":3,"column":26},"end":{"line":3,"column":27}},"loc":{"start":{"line":3,"column":33},"end":{"line":5,"column":1}},"line":3},"1":{"name":"(anonymous_1)","decl":{"start":{"line":7,"column":28},"end":{"line":7,"column":29}},"loc":{"start":{"line":7,"column":40},"end":{"line":10,"column":1}},"line":7},"2":{"name":"(anonymous_2)","decl":{"start":{"line":12,"column":26},"end":{"line":12,"column":27}},"loc":{"start":{"line":12,"column":36},"end":{"line":15,"column":1}},"line":12},"3":{"name":"(anonymous_3)","decl":{"start":{"line":18,"column":29},"end":{"line":18,"column":30}},"loc":{"start":{"line":18,"column":46},"end":{"line":22,"column":1}},"line":18},"4":{"name":"(anonymous_4)","decl":{"start":{"line":24,"column":29},"end":{"line":24,"column":30}},"loc":{"start":{"line":24,"column":46},"end":{"line":28,"column":1}},"line":24},"5":{"name":"(anonymous_5)","decl":{"start":{"line":30,"column":15},"end":{"line":30,"column":16}},"loc":{"start":{"line":30,"column":26},"end":{"line":35,"column":1}},"line":30},"6":{"name":"(anonymous_6)","decl":{"start":{"line":37,"column":19},"end":{"line":37,"column":20}},"loc":{"start":{"line":37,"column":25},"end":{"line":41,"column":1}},"line":37},"7":{"name":"(anonymous_7)","decl":{"start":{"line":43,"column":24},"end":{"line":43,"column":25}},"loc":{"start":{"line":43,"column":30},"end":{"line":47,"column":1}},"line":43},"8":{"name":"(anonymous_8)","decl":{"start":{"line":49,"column":23},"end":{"line":49,"column":24}},"loc":{"start":{"line":49,"column":34},"end":{"line":54,"column":1}},"line":49},"9":{"name":"(anonymous_9)","decl":{"start":{"line":56,"column":29},"end":{"line":56,"column":30}},"loc":{"start":{"line":56,"column":46},"end":{"line":61,"column":1}},"line":56},"10":{"name":"(anonymous_10)","decl":{"start":{"line":64,"column":22},"end":{"line":64,"column":23}},"loc":{"start":{"line":64,"column":33},"end":{"line":67,"column":1}},"line":64},"11":{"name":"(anonymous_11)","decl":{"start":{"line":69,"column":28},"end":{"line":69,"column":29}},"loc":{"start":{"line":69,"column":34},"end":{"line":73,"column":1}},"line":69},"12":{"name":"(anonymous_12)","decl":{"start":{"line":75,"column":28},"end":{"line":75,"column":29}},"loc":{"start":{"line":75,"column":34},"end":{"line":79,"column":1}},"line":75}},"branchMap":{},"s":{"0":2,"1":1,"2":2,"3":0,"4":2,"5":0,"6":2,"7":1,"8":2,"9":1,"10":2,"11":0,"12":2,"13":1,"14":2,"15":1,"16":2,"17":1,"18":2,"19":1,"20":2,"21":0,"22":2,"23":0,"24":2,"25":0},"f":{"0":1,"1":0,"2":0,"3":1,"4":1,"5":0,"6":1,"7":1,"8":1,"9":1,"10":0,"11":0,"12":0},"b":{},"_coverageSchema":"43e27e138ebf9cfc5966b082cf9a028302ed4184","hash":"b8401b47ba3d0bff87cb73ee57bd4d2a9ece094a"}
,"/Users/marcus/Desktop/development/lumen-dashboard/src/scripts/Dashboard/duck/index.js": {"path":"/Users/marcus/Desktop/development/lumen-dashboard/src/scripts/Dashboard/duck/index.js","statementMap":{},"fnMap":{},"branchMap":{},"s":{},"f":{},"b":{},"_coverageSchema":"43e27e138ebf9cfc5966b082cf9a028302ed4184","hash":"7b7d1793702987028ab4336ee0b214c51772aa27"}
,"/Users/marcus/Desktop/development/lumen-dashboard/src/scripts/Dashboard/duck/operations.js": {"path":"/Users/marcus/Desktop/development/lumen-dashboard/src/scripts/Dashboard/duck/operations.js","statementMap":{"0":{"start":{"line":4,"column":29},"end":{"line":4,"column":58}},"1":{"start":{"line":5,"column":23},"end":{"line":5,"column":46}},"2":{"start":{"line":6,"column":24},"end":{"line":6,"column":48}},"3":{"start":{"line":7,"column":19},"end":{"line":7,"column":38}},"4":{"start":{"line":8,"column":15},"end":{"line":8,"column":30}},"5":{"start":{"line":9,"column":29},"end":{"line":9,"column":58}},"6":{"start":{"line":10,"column":29},"end":{"line":10,"column":58}},"7":{"start":{"line":11,"column":26},"end":{"line":11,"column":52}},"8":{"start":{"line":12,"column":28},"end":{"line":12,"column":56}},"9":{"start":{"line":13,"column":26},"end":{"line":13,"column":52}},"10":{"start":{"line":14,"column":38},"end":{"line":14,"column":60}},"11":{"start":{"line":15,"column":26},"end":{"line":15,"column":54}},"12":{"start":{"line":16,"column":19},"end":{"line":16,"column":47}},"13":{"start":{"line":17,"column":28},"end":{"line":17,"column":56}},"14":{"start":{"line":20,"column":21},"end":{"line":32,"column":1}},"15":{"start":{"line":21,"column":2},"end":{"line":31,"column":3}},"16":{"start":{"line":22,"column":4},"end":{"line":30,"column":5}},"17":{"start":{"line":23,"column":6},"end":{"line":23,"column":36}},"18":{"start":{"line":24,"column":18},"end":{"line":24,"column":55}},"19":{"start":{"line":25,"column":6},"end":{"line":25,"column":40}},"20":{"start":{"line":28,"column":6},"end":{"line":28,"column":38}},"21":{"start":{"line":29,"column":6},"end":{"line":29,"column":17}},"22":{"start":{"line":34,"column":26},"end":{"line":44,"column":1}},"23":{"start":{"line":35,"column":2},"end":{"line":43,"column":3}},"24":{"start":{"line":36,"column":4},"end":{"line":38,"column":5}},"25":{"start":{"line":37,"column":6},"end":{"line":37,"column":48}},"26":{"start":{"line":40,"column":4},"end":{"line":42,"column":5}},"27":{"start":{"line":41,"column":6},"end":{"line":41,"column":48}},"28":{"start":{"line":46,"column":28},"end":{"line":63,"column":1}},"29":{"start":{"line":47,"column":15},"end":{"line":49,"column":3}},"30":{"start":{"line":51,"column":2},"end":{"line":62,"column":3}},"31":{"start":{"line":52,"column":4},"end":{"line":61,"column":5}},"32":{"start":{"line":53,"column":6},"end":{"line":53,"column":35}},"33":{"start":{"line":54,"column":18},"end":{"line":54,"column":61}},"34":{"start":{"line":55,"column":22},"end":{"line":55,"column":39}},"35":{"start":{"line":56,"column":6},"end":{"line":56,"column":63}},"36":{"start":{"line":60,"column":6},"end":{"line":60,"column":18}},"37":{"start":{"line":65,"column":22},"end":{"line":78,"column":1}},"38":{"start":{"line":66,"column":2},"end":{"line":77,"column":3}},"39":{"start":{"line":67,"column":4},"end":{"line":76,"column":5}},"40":{"start":{"line":68,"column":22},"end":{"line":68,"column":60}},"41":{"start":{"line":69,"column":25},"end":{"line":69,"column":71}},"42":{"start":{"line":69,"column":52},"end":{"line":69,"column":70}},"43":{"start":{"line":71,"column":6},"end":{"line":71,"column":57}},"44":{"start":{"line":75,"column":6},"end":{"line":75,"column":17}}},"fnMap":{"0":{"name":"(anonymous_0)","decl":{"start":{"line":20,"column":21},"end":{"line":20,"column":22}},"loc":{"start":{"line":20,"column":27},"end":{"line":32,"column":1}},"line":20},"1":{"name":"(anonymous_1)","decl":{"start":{"line":21,"column":9},"end":{"line":21,"column":10}},"loc":{"start":{"line":21,"column":27},"end":{"line":31,"column":3}},"line":21},"2":{"name":"(anonymous_2)","decl":{"start":{"line":34,"column":26},"end":{"line":34,"column":27}},"loc":{"start":{"line":34,"column":42},"end":{"line":44,"column":1}},"line":34},"3":{"name":"(anonymous_3)","decl":{"start":{"line":36,"column":11},"end":{"line":36,"column":12}},"loc":{"start":{"line":36,"column":23},"end":{"line":38,"column":5}},"line":36},"4":{"name":"(anonymous_4)","decl":{"start":{"line":40,"column":11},"end":{"line":40,"column":12}},"loc":{"start":{"line":40,"column":23},"end":{"line":42,"column":5}},"line":40},"5":{"name":"(anonymous_5)","decl":{"start":{"line":46,"column":28},"end":{"line":46,"column":29}},"loc":{"start":{"line":46,"column":48},"end":{"line":63,"column":1}},"line":46},"6":{"name":"(anonymous_6)","decl":{"start":{"line":51,"column":9},"end":{"line":51,"column":10}},"loc":{"start":{"line":51,"column":27},"end":{"line":62,"column":3}},"line":51},"7":{"name":"(anonymous_7)","decl":{"start":{"line":65,"column":22},"end":{"line":65,"column":23}},"loc":{"start":{"line":65,"column":28},"end":{"line":78,"column":1}},"line":65},"8":{"name":"(anonymous_8)","decl":{"start":{"line":66,"column":9},"end":{"line":66,"column":10}},"loc":{"start":{"line":66,"column":27},"end":{"line":77,"column":3}},"line":66},"9":{"name":"(anonymous_9)","decl":{"start":{"line":69,"column":42},"end":{"line":69,"column":43}},"loc":{"start":{"line":69,"column":52},"end":{"line":69,"column":70}},"line":69}},"branchMap":{"0":{"loc":{"start":{"line":35,"column":2},"end":{"line":43,"column":3}},"type":"if","locations":[{"start":{"line":35,"column":2},"end":{"line":43,"column":3}},{"start":{"line":35,"column":2},"end":{"line":43,"column":3}}],"line":35}},"s":{"0":2,"1":2,"2":2,"3":2,"4":2,"5":2,"6":2,"7":2,"8":2,"9":2,"10":2,"11":2,"12":2,"13":2,"14":2,"15":0,"16":0,"17":0,"18":0,"19":0,"20":0,"21":0,"22":2,"23":0,"24":0,"25":0,"26":0,"27":0,"28":2,"29":0,"30":0,"31":0,"32":0,"33":0,"34":0,"35":0,"36":0,"37":2,"38":0,"39":0,"40":0,"41":0,"42":0,"43":0,"44":0},"f":{"0":0,"1":0,"2":0,"3":0,"4":0,"5":0,"6":0,"7":0,"8":0,"9":0},"b":{"0":[0,0]},"_coverageSchema":"43e27e138ebf9cfc5966b082cf9a028302ed4184","hash":"eb50fae1d94f3f9f3e344e30aba0096d7e16a41a"}
,"/Users/marcus/Desktop/development/lumen-dashboard/src/scripts/Dashboard/duck/reducers.js": {"path":"/Users/marcus/Desktop/development/lumen-dashboard/src/scripts/Dashboard/duck/reducers.js","statementMap":{"0":{"start":{"line":3,"column":18},"end":{"line":86,"column":1}},"1":{"start":{"line":17,"column":2},"end":{"line":85,"column":3}},"2":{"start":{"line":19,"column":4},"end":{"line":23,"column":6}},"3":{"start":{"line":26,"column":4},"end":{"line":32,"column":6}},"4":{"start":{"line":35,"column":4},"end":{"line":40,"column":6}},"5":{"start":{"line":42,"column":4},"end":{"line":47,"column":6}},"6":{"start":{"line":49,"column":4},"end":{"line":55,"column":6}},"7":{"start":{"line":57,"column":4},"end":{"line":57,"column":50}},"8":{"start":{"line":60,"column":4},"end":{"line":60,"column":47}},"9":{"start":{"line":63,"column":4},"end":{"line":63,"column":57}},"10":{"start":{"line":66,"column":4},"end":{"line":66,"column":45}},"11":{"start":{"line":69,"column":4},"end":{"line":69,"column":57}},"12":{"start":{"line":72,"column":4},"end":{"line":75,"column":6}},"13":{"start":{"line":78,"column":4},"end":{"line":78,"column":50}},"14":{"start":{"line":81,"column":4},"end":{"line":81,"column":50}},"15":{"start":{"line":84,"column":4},"end":{"line":84,"column":17}}},"fnMap":{"0":{"name":"(anonymous_0)","decl":{"start":{"line":3,"column":18},"end":{"line":3,"column":19}},"loc":{"start":{"line":16,"column":14},"end":{"line":86,"column":1}},"line":16}},"branchMap":{"0":{"loc":{"start":{"line":3,"column":19},"end":{"line":16,"column":1}},"type":"default-arg","locations":[{"start":{"line":3,"column":27},"end":{"line":16,"column":1}}],"line":3},"1":{"loc":{"start":{"line":17,"column":2},"end":{"line":85,"column":3}},"type":"switch","locations":[{"start":{"line":18,"column":2},"end":{"line":24,"column":3}},{"start":{"line":25,"column":2},"end":{"line":33,"column":3}},{"start":{"line":34,"column":2},"end":{"line":40,"column":6}},{"start":{"line":41,"column":2},"end":{"line":47,"column":6}},{"start":{"line":48,"column":2},"end":{"line":55,"column":6}},{"start":{"line":56,"column":2},"end":{"line":58,"column":3}},{"start":{"line":59,"column":2},"end":{"line":61,"column":3}},{"start":{"line":62,"column":2},"end":{"line":64,"column":3}},{"start":{"line":65,"column":2},"end":{"line":67,"column":3}},{"start":{"line":68,"column":2},"end":{"line":70,"column":3}},{"start":{"line":71,"column":2},"end":{"line":76,"column":3}},{"start":{"line":77,"column":2},"end":{"line":79,"column":3}},{"start":{"line":80,"column":2},"end":{"line":82,"column":3}},{"start":{"line":83,"column":2},"end":{"line":84,"column":17}}],"line":17}},"s":{"0":2,"1":8,"2":1,"3":0,"4":0,"5":2,"6":0,"7":1,"8":1,"9":1,"10":1,"11":1,"12":0,"13":0,"14":0,"15":0},"f":{"0":8},"b":{"0":[8],"1":[1,0,0,2,0,1,1,1,1,1,0,0,0,0]},"_coverageSchema":"43e27e138ebf9cfc5966b082cf9a028302ed4184","hash":"1ee8145ebd5db3d4afdeec584b05f189283f4fee"}
,"/Users/marcus/Desktop/development/lumen-dashboard/src/scripts/Dashboard/duck/types.js": {"path":"/Users/marcus/Desktop/development/lumen-dashboard/src/scripts/Dashboard/duck/types.js","statementMap":{"0":{"start":{"line":2,"column":15},"end":{"line":2,"column":23}},"1":{"start":{"line":3,"column":16},"end":{"line":3,"column":25}},"2":{"start":{"line":4,"column":18},"end":{"line":4,"column":29}},"3":{"start":{"line":5,"column":19},"end":{"line":5,"column":31}},"4":{"start":{"line":6,"column":25},"end":{"line":6,"column":43}},"5":{"start":{"line":7,"column":28},"end":{"line":7,"column":49}},"6":{"start":{"line":8,"column":30},"end":{"line":8,"column":53}},"7":{"start":{"line":9,"column":28},"end":{"line":9,"column":49}},"8":{"start":{"line":10,"column":32},"end":{"line":10,"column":57}},"9":{"start":{"line":11,"column":32},"end":{"line":11,"column":57}},"10":{"start":{"line":12,"column":25},"end":{"line":12,"column":43}},"11":{"start":{"line":13,"column":32},"end":{"line":13,"column":57}},"12":{"start":{"line":14,"column":32},"end":{"line":14,"column":57}}},"fnMap":{},"branchMap":{},"s":{"0":2,"1":2,"2":2,"3":2,"4":2,"5":2,"6":2,"7":2,"8":2,"9":2,"10":2,"11":2,"12":2},"f":{},"b":{},"_coverageSchema":"43e27e138ebf9cfc5966b082cf9a028302ed4184","hash":"3a2729950695a9d1cee97e53e9017931ecfa3322"}
,"/Users/marcus/Desktop/development/lumen-dashboard/src/scripts/EditAudience/duck/actions.js": {"path":"/Users/marcus/Desktop/development/lumen-dashboard/src/scripts/EditAudience/duck/actions.js","statementMap":{"0":{"start":{"line":4,"column":27},"end":{"line":6,"column":2}},"1":{"start":{"line":4,"column":34},"end":{"line":6,"column":1}},"2":{"start":{"line":8,"column":29},"end":{"line":11,"column":2}},"3":{"start":{"line":8,"column":38},"end":{"line":11,"column":1}},"4":{"start":{"line":13,"column":27},"end":{"line":16,"column":2}},"5":{"start":{"line":13,"column":37},"end":{"line":16,"column":1}}},"fnMap":{"0":{"name":"(anonymous_0)","decl":{"start":{"line":4,"column":27},"end":{"line":4,"column":28}},"loc":{"start":{"line":4,"column":34},"end":{"line":6,"column":1}},"line":4},"1":{"name":"(anonymous_1)","decl":{"start":{"line":8,"column":29},"end":{"line":8,"column":30}},"loc":{"start":{"line":8,"column":38},"end":{"line":11,"column":1}},"line":8},"2":{"name":"(anonymous_2)","decl":{"start":{"line":13,"column":27},"end":{"line":13,"column":28}},"loc":{"start":{"line":13,"column":37},"end":{"line":16,"column":1}},"line":13}},"branchMap":{},"s":{"0":2,"1":1,"2":2,"3":1,"4":2,"5":0},"f":{"0":1,"1":1,"2":0},"b":{},"_coverageSchema":"43e27e138ebf9cfc5966b082cf9a028302ed4184","hash":"f79d28299eebad64cff64eaf78f8abdc94eb70ef"}
,"/Users/marcus/Desktop/development/lumen-dashboard/src/scripts/EditAudience/duck/index.js": {"path":"/Users/marcus/Desktop/development/lumen-dashboard/src/scripts/EditAudience/duck/index.js","statementMap":{},"fnMap":{},"branchMap":{},"s":{},"f":{},"b":{},"_coverageSchema":"43e27e138ebf9cfc5966b082cf9a028302ed4184","hash":"ab7fd964c5d53dff8c0a1aecf582f157e89ded07"}
,"/Users/marcus/Desktop/development/lumen-dashboard/src/scripts/EditAudience/duck/operations.js": {"path":"/Users/marcus/Desktop/development/lumen-dashboard/src/scripts/EditAudience/duck/operations.js","statementMap":{"0":{"start":{"line":6,"column":27},"end":{"line":6,"column":54}},"1":{"start":{"line":7,"column":29},"end":{"line":7,"column":58}},"2":{"start":{"line":8,"column":27},"end":{"line":8,"column":54}},"3":{"start":{"line":11,"column":29},"end":{"line":23,"column":1}},"4":{"start":{"line":12,"column":2},"end":{"line":22,"column":3}},"5":{"start":{"line":13,"column":4},"end":{"line":21,"column":5}},"6":{"start":{"line":14,"column":6},"end":{"line":14,"column":36}},"7":{"start":{"line":15,"column":18},"end":{"line":15,"column":60}},"8":{"start":{"line":16,"column":6},"end":{"line":16,"column":41}},"9":{"start":{"line":19,"column":6},"end":{"line":19,"column":36}},"10":{"start":{"line":20,"column":6},"end":{"line":20,"column":17}},"11":{"start":{"line":25,"column":17},"end":{"line":29,"column":1}},"12":{"start":{"line":26,"column":2},"end":{"line":28,"column":3}},"13":{"start":{"line":27,"column":4},"end":{"line":27,"column":62}}},"fnMap":{"0":{"name":"(anonymous_0)","decl":{"start":{"line":11,"column":29},"end":{"line":11,"column":30}},"loc":{"start":{"line":11,"column":37},"end":{"line":23,"column":1}},"line":11},"1":{"name":"(anonymous_1)","decl":{"start":{"line":12,"column":9},"end":{"line":12,"column":10}},"loc":{"start":{"line":12,"column":29},"end":{"line":22,"column":3}},"line":12},"2":{"name":"(anonymous_2)","decl":{"start":{"line":25,"column":17},"end":{"line":25,"column":18}},"loc":{"start":{"line":25,"column":23},"end":{"line":29,"column":1}},"line":25},"3":{"name":"(anonymous_3)","decl":{"start":{"line":26,"column":9},"end":{"line":26,"column":10}},"loc":{"start":{"line":26,"column":21},"end":{"line":28,"column":3}},"line":26}},"branchMap":{},"s":{"0":2,"1":2,"2":2,"3":2,"4":1,"5":1,"6":1,"7":1,"8":1,"9":0,"10":0,"11":2,"12":0,"13":0},"f":{"0":1,"1":1,"2":0,"3":0},"b":{},"_coverageSchema":"43e27e138ebf9cfc5966b082cf9a028302ed4184","hash":"865f1d0c28dbe0430b0853b5a1da1dddb0b149f1"}
,"/Users/marcus/Desktop/development/lumen-dashboard/src/scripts/EditAudience/duck/reducers.js": {"path":"/Users/marcus/Desktop/development/lumen-dashboard/src/scripts/EditAudience/duck/reducers.js","statementMap":{"0":{"start":{"line":3,"column":21},"end":{"line":33,"column":1}},"1":{"start":{"line":7,"column":2},"end":{"line":32,"column":3}},"2":{"start":{"line":9,"column":6},"end":{"line":13,"column":8}},"3":{"start":{"line":16,"column":6},"end":{"line":21,"column":8}},"4":{"start":{"line":24,"column":6},"end":{"line":28,"column":8}},"5":{"start":{"line":31,"column":6},"end":{"line":31,"column":19}}},"fnMap":{"0":{"name":"(anonymous_0)","decl":{"start":{"line":3,"column":21},"end":{"line":3,"column":22}},"loc":{"start":{"line":6,"column":14},"end":{"line":33,"column":1}},"line":6}},"branchMap":{"0":{"loc":{"start":{"line":3,"column":22},"end":{"line":6,"column":1}},"type":"default-arg","locations":[{"start":{"line":3,"column":30},"end":{"line":6,"column":1}}],"line":3},"1":{"loc":{"start":{"line":7,"column":2},"end":{"line":32,"column":3}},"type":"switch","locations":[{"start":{"line":8,"column":4},"end":{"line":14,"column":5}},{"start":{"line":15,"column":4},"end":{"line":22,"column":5}},{"start":{"line":23,"column":4},"end":{"line":28,"column":8}},{"start":{"line":30,"column":4},"end":{"line":31,"column":19}}],"line":7}},"s":{"0":3,"1":2,"2":1,"3":1,"4":0,"5":0},"f":{"0":2},"b":{"0":[2],"1":[1,1,0,0]},"_coverageSchema":"43e27e138ebf9cfc5966b082cf9a028302ed4184","hash":"0f61a00c3ec22553abf3b1397bb75666ca227b4c"}
,"/Users/marcus/Desktop/development/lumen-dashboard/src/scripts/EditAudience/duck/types.js": {"path":"/Users/marcus/Desktop/development/lumen-dashboard/src/scripts/EditAudience/duck/types.js","statementMap":{"0":{"start":{"line":2,"column":29},"end":{"line":2,"column":51}},"1":{"start":{"line":3,"column":31},"end":{"line":3,"column":55}},"2":{"start":{"line":4,"column":29},"end":{"line":4,"column":51}}},"fnMap":{},"branchMap":{},"s":{"0":3,"1":3,"2":3},"f":{},"b":{},"_coverageSchema":"43e27e138ebf9cfc5966b082cf9a028302ed4184","hash":"55ed68c2e8e47f443ca08a23c6362125a8a52a36"}
,"/Users/marcus/Desktop/development/lumen-dashboard/src/scripts/EditStudyDetails/components/DropDown.js": {"path":"/Users/marcus/Desktop/development/lumen-dashboard/src/scripts/EditStudyDetails/components/DropDown.js","statementMap":{"0":{"start":{"line":6,"column":30},"end":{"line":6,"column":44}},"1":{"start":{"line":7,"column":26},"end":{"line":7,"column":41}},"2":{"start":{"line":9,"column":4},"end":{"line":9,"column":23}},"3":{"start":{"line":13,"column":4},"end":{"line":13,"column":21}},"4":{"start":{"line":14,"column":4},"end":{"line":14,"column":43}},"5":{"start":{"line":15,"column":4},"end":{"line":15,"column":48}},"6":{"start":{"line":18,"column":2},"end":{"line":35,"column":4}},"7":{"start":{"line":24,"column":12},"end":{"line":30,"column":17}}},"fnMap":{"0":{"name":"DropDown","decl":{"start":{"line":5,"column":9},"end":{"line":5,"column":17}},"loc":{"start":{"line":5,"column":52},"end":{"line":36,"column":1}},"line":5},"1":{"name":"onDropDownClick","decl":{"start":{"line":8,"column":11},"end":{"line":8,"column":26}},"loc":{"start":{"line":8,"column":29},"end":{"line":10,"column":3}},"line":8},"2":{"name":"onMenuItemClick","decl":{"start":{"line":12,"column":11},"end":{"line":12,"column":26}},"loc":{"start":{"line":12,"column":30},"end":{"line":16,"column":3}},"line":12},"3":{"name":"(anonymous_3)","decl":{"start":{"line":23,"column":22},"end":{"line":23,"column":23}},"loc":{"start":{"line":24,"column":12},"end":{"line":30,"column":17}},"line":24}},"branchMap":{},"s":{"0":4,"1":4,"2":0,"3":0,"4":0,"5":0,"6":4,"7":8},"f":{"0":4,"1":0,"2":0,"3":8},"b":{},"_coverageSchema":"43e27e138ebf9cfc5966b082cf9a028302ed4184","hash":"d6696ca7f44f19ce0493d450ddd76947b123c2ac"}
[...]
n":46},"end":{"line":49,"column":3}},"line":42},"5":{"name":"(anonymous_5)","decl":{"start":{"line":50,"column":16},"end":{"line":50,"column":17}},"loc":{"start":{"line":50,"column":65},"end":{"line":57,"column":3}},"line":50},"6":{"name":"(anonymous_6)","decl":{"start":{"line":58,"column":21},"end":{"line":58,"column":22}},"loc":{"start":{"line":58,"column":58},"end":{"line":64,"column":3}},"line":58},"7":{"name":"(anonymous_7)","decl":{"start":{"line":65,"column":19},"end":{"line":65,"column":20}},"loc":{"start":{"line":65,"column":56},"end":{"line":71,"column":3}},"line":65},"8":{"name":"(anonymous_8)","decl":{"start":{"line":72,"column":20},"end":{"line":72,"column":21}},"loc":{"start":{"line":72,"column":69},"end":{"line":79,"column":3}},"line":72},"9":{"name":"(anonymous_9)","decl":{"start":{"line":80,"column":23},"end":{"line":80,"column":24}},"loc":{"start":{"line":80,"column":60},"end":{"line":86,"column":3}},"line":80},"10":{"name":"(anonymous_10)","decl":{"start":{"line":87,"column":16},"end":{"line":87,"column":17}},"loc":{"start":{"line":87,"column":40},"end":{"line":93,"column":3}},"line":87},"11":{"name":"(anonymous_11)","decl":{"start":{"line":94,"column":15},"end":{"line":94,"column":16}},"loc":{"start":{"line":94,"column":21},"end":{"line":100,"column":3}},"line":94},"12":{"name":"(anonymous_12)","decl":{"start":{"line":101,"column":21},"end":{"line":101,"column":22}},"loc":{"start":{"line":101,"column":87},"end":{"line":108,"column":3}},"line":101},"13":{"name":"(anonymous_13)","decl":{"start":{"line":109,"column":24},"end":{"line":109,"column":25}},"loc":{"start":{"line":109,"column":32},"end":{"line":115,"column":3}},"line":109},"14":{"name":"(anonymous_14)","decl":{"start":{"line":116,"column":16},"end":{"line":116,"column":17}},"loc":{"start":{"line":116,"column":31},"end":{"line":122,"column":3}},"line":116},"15":{"name":"(anonymous_15)","decl":{"start":{"line":123,"column":19},"end":{"line":123,"column":20}},"loc":{"start":{"line":123,"column":27},"end":{"line":129,"column":3}},"line":123},"16":{"name":"(anonymous_16)","decl":{"start":{"line":130,"column":17},"end":{"line":130,"column":18}},"loc":{"start":{"line":130,"column":25},"end":{"line":136,"column":3}},"line":130},"17":{"name":"(anonymous_17)","decl":{"start":{"line":137,"column":17},"end":{"line":137,"column":18}},"loc":{"start":{"line":137,"column":25},"end":{"line":143,"column":3}},"line":137},"18":{"name":"(anonymous_18)","decl":{"start":{"line":144,"column":21},"end":{"line":144,"column":22}},"loc":{"start":{"line":144,"column":35},"end":{"line":151,"column":3}},"line":144},"19":{"name":"(anonymous_19)","decl":{"start":{"line":152,"column":24},"end":{"line":152,"column":25}},"loc":{"start":{"line":152,"column":38},"end":{"line":159,"column":3}},"line":152},"20":{"name":"(anonymous_20)","decl":{"start":{"line":160,"column":22},"end":{"line":160,"column":23}},"loc":{"start":{"line":160,"column":36},"end":{"line":167,"column":3}},"line":160},"21":{"name":"(anonymous_21)","decl":{"start":{"line":168,"column":23},"end":{"line":168,"column":24}},"loc":{"start":{"line":168,"column":37},"end":{"line":175,"column":3}},"line":168},"22":{"name":"(anonymous_22)","decl":{"start":{"line":176,"column":11},"end":{"line":176,"column":12}},"loc":{"start":{"line":176,"column":25},"end":{"line":183,"column":3}},"line":176},"23":{"name":"(anonymous_23)","decl":{"start":{"line":184,"column":12},"end":{"line":184,"column":13}},"loc":{"start":{"line":184,"column":26},"end":{"line":191,"column":3}},"line":184},"24":{"name":"(anonymous_24)","decl":{"start":{"line":192,"column":16},"end":{"line":192,"column":17}},"loc":{"start":{"line":192,"column":30},"end":{"line":199,"column":3}},"line":192},"25":{"name":"(anonymous_25)","decl":{"start":{"line":200,"column":23},"end":{"line":200,"column":24}},"loc":{"start":{"line":200,"column":33},"end":{"line":207,"column":3}},"line":200}},"branchMap":{},"s":{"0":9,"1":0,"2":0,"3":0,"4":0,"5":0,"6":0,"7":0,"8":0,"9":0,"10":0,"11":0,"12":0,"13":0,"14":0,"15":0,"16":0,"17":0,"18":0,"19":0,"20":0,"21":0,"22":0,"23":0,"24":0,"25":0,"26":0},"f":{"0":0,"1":0,"2":0,"3":0,"4":0,"5":0,"6":0,"7":0,"8":0,"9":0,"10":0,"11":0,"12":0,"13":0,"14":0,"15":0,"16":0,"17":0,"18":0,"19":0,"20":0,"21":0,"22":0,"23":0,"24":0,"25":0},"b":{},"_coverageSchema":"43e27e138ebf9cfc5966b082cf9a028302ed4184","hash":"47c7f97423b3e49e60f6e58770cd0ce407fb44ac"}
,"/Users/marcus/Desktop/development/lumen-dashboard/src/scripts/common/services/demographicService.js": {"path":"/Users/marcus/Desktop/development/lumen-dashboard/src/scripts/common/services/demographicService.js","statementMap":{"0":{"start":{"line":6,"column":27},"end":{"line":15,"column":1}},"1":{"start":{"line":9,"column":4},"end":{"line":13,"column":7}}},"fnMap":{"0":{"name":"(anonymous_0)","decl":{"start":{"line":8,"column":24},"end":{"line":8,"column":25}},"loc":{"start":{"line":8,"column":33},"end":{"line":14,"column":3}},"line":8}},"branchMap":{},"s":{"0":2,"1":0},"f":{"0":0},"b":{},"_coverageSchema":"43e27e138ebf9cfc5966b082cf9a028302ed4184","hash":"8528b601fb381aefa891571f13e62a42ec39f6a2"}
,"/Users/marcus/Desktop/development/lumen-dashboard/src/scripts/common/utils/Utils.js": {"path":"/Users/marcus/Desktop/development/lumen-dashboard/src/scripts/common/utils/Utils.js","statementMap":{"0":{"start":{"line":1,"column":14},"end":{"line":142,"column":1}},"1":{"start":{"line":3,"column":4},"end":{"line":3,"column":48}},"2":{"start":{"line":7,"column":4},"end":{"line":9,"column":7}},"3":{"start":{"line":8,"column":6},"end":{"line":8,"column":112}},"4":{"start":{"line":13,"column":17},"end":{"line":17,"column":10}},"5":{"start":{"line":14,"column":6},"end":{"line":14,"column":44}},"6":{"start":{"line":15,"column":6},"end":{"line":15,"column":32}},"7":{"start":{"line":16,"column":6},"end":{"line":16,"column":17}},"8":{"start":{"line":18,"column":4},"end":{"line":18,"column":18}},"9":{"start":{"line":22,"column":4},"end":{"line":24,"column":7}},"10":{"start":{"line":23,"column":6},"end":{"line":23,"column":49}},"11":{"start":{"line":23,"column":40},"end":{"line":23,"column":47}},"12":{"start":{"line":31,"column":4},"end":{"line":31,"column":16}},"13":{"start":{"line":33,"column":4},"end":{"line":35,"column":5}},"14":{"start":{"line":34,"column":6},"end":{"line":34,"column":18}},"15":{"start":{"line":37,"column":4},"end":{"line":37,"column":50}},"16":{"start":{"line":38,"column":4},"end":{"line":38,"column":49}},"17":{"start":{"line":40,"column":4},"end":{"line":40,"column":32}},"18":{"start":{"line":42,"column":4},"end":{"line":42,"column":16}},"19":{"start":{"line":43,"column":4},"end":{"line":43,"column":41}},"20":{"start":{"line":44,"column":4},"end":{"line":44,"column":28}},"21":{"start":{"line":46,"column":4},"end":{"line":55,"column":7}},"22":{"start":{"line":47,"column":6},"end":{"line":47,"column":14}},"23":{"start":{"line":48,"column":6},"end":{"line":53,"column":9}},"24":{"start":{"line":49,"column":8},"end":{"line":49,"column":47}},"25":{"start":{"line":49,"column":21},"end":{"line":49,"column":47}},"26":{"start":{"line":51,"column":8},"end":{"line":51,"column":28}},"27":{"start":{"line":52,"column":8},"end":{"line":52,"column":14}},"28":{"start":{"line":54,"column":6},"end":{"line":54,"column":30}},"29":{"start":{"line":57,"column":14},"end":{"line":57,"column":39}},"30":{"start":{"line":58,"column":4},"end":{"line":58,"column":15}},"31":{"start":{"line":62,"column":4},"end":{"line":62,"column":28}},"32":{"start":{"line":62,"column":21},"end":{"line":62,"column":28}},"33":{"start":{"line":64,"column":4},"end":{"line":66,"column":5}},"34":{"start":{"line":65,"column":6},"end":{"line":65,"column":49}},"35":{"start":{"line":67,"column":4},"end":{"line":67,"column":26}},"36":{"start":{"line":71,"column":4},"end":{"line":78,"column":11}},"37":{"start":{"line":72,"column":16},"end":{"line":72,"column":29}},"38":{"start":{"line":73,"column":6},"end":{"line":75,"column":7}},"39":{"start":{"line":74,"column":8},"end":{"line":74,"column":22}},"40":{"start":{"line":76,"column":6},"end":{"line":76,"column":25}},"41":{"start":{"line":77,"column":6},"end":{"line":77,"column":17}},"42":{"start":{"line":82,"column":17},"end":{"line":82,"column":22}},"43":{"start":{"line":83,"column":4},"end":{"line":85,"column":5}},"44":{"start":{"line":84,"column":6},"end":{"line":84,"column":42}},"45":{"start":{"line":86,"column":4},"end":{"line":86,"column":18}},"46":{"start":{"line":89,"column":4},"end":{"line":99,"column":11}},"47":{"start":{"line":90,"column":6},"end":{"line":94,"column":9}},"48":{"start":{"line":91,"column":20},"end":{"line":91,"column":22}},"49":{"start":{"line":92,"column":8},"end":{"line":92,"column":41}},"50":{"start":{"line":93,"column":8},"end":{"line":93,"column":19}},"51":{"start":{"line":96,"column":6},"end":{"line":96,"column":31}},"52":{"start":{"line":98,"column":6},"end":{"line":98,"column":33}},"53":{"start":{"line":102,"column":4},"end":{"line":115,"column":11}},"54":{"start":{"line":103,"column":18},"end":{"line":103,"column":20}},"55":{"start":{"line":104,"column":6},"end":{"line":110,"column":10}},"56":{"start":{"line":111,"column":6},"end":{"line":111,"column":17}},"57":{"start":{"line":113,"column":6},"end":{"line":113,"column":33}},"58":{"start":{"line":118,"column":4},"end":{"line":122,"column":6}},"59":{"start":{"line":121,"column":58},"end":{"line":121,"column":80}},"60":{"start":{"line":126,"column":23},"end":{"line":126,"column":48}},"61":{"start":{"line":127,"column":4},"end":{"line":127,"column":39}},"62":{"start":{"line":128,"column":4},"end":{"line":128,"column":64}},"63":{"start":{"line":129,"column":22},"end":{"line":132,"column":5}},"64":{"start":{"line":134,"column":25},"end":{"line":136,"column":6}},"65":{"start":{"line":135,"column":6},"end":{"line":135,"column":65}},"66":{"start":{"line":137,"column":17},"end":{"line":137,"column":19}},"67":{"start":{"line":138,"column":4},"end":{"line":138,"column":38}},"68":{"start":{"line":139,"column":4},"end":{"line":139,"column":16}}},"fnMap":{"0":{"name":"(anonymous_0)","decl":{"start":{"line":2,"column":14},"end":{"line":2,"column":15}},"loc":{"start":{"line":2,"column":21},"end":{"line":4,"column":3}},"line":2},"1":{"name":"(anonymous_1)","decl":{"start":{"line":6,"column":18},"end":{"line":6,"column":19}},"loc":{"start":{"line":6,"column":27},"end":{"line":10,"column":3}},"line":6},"2":{"name":"(anonymous_2)","decl":{"start":{"line":7,"column":54},"end":{"line":7,"column":55}},"loc":{"start":{"line":7,"column":73},"end":{"line":9,"column":5}},"line":7},"3":{"name":"(anonymous_3)","decl":{"start":{"line":12,"column":14},"end":{"line":12,"column":15}},"loc":{"start":{"line":12,"column":24},"end":{"line":19,"column":3}},"line":12},"4":{"name":"(anonymous_4)","decl":{"start":{"line":13,"column":29},"end":{"line":13,"column":30}},"loc":{"start":{"line":13,"column":44},"end":{"line":17,"column":5}},"line":13},"5":{"name":"(anonymous_5)","decl":{"start":{"line":21,"column":17},"end":{"line":21,"column":18}},"loc":{"start":{"line":21,"column":27},"end":{"line":25,"column":3}},"line":21},"6":{"name":"(anonymous_6)","decl":{"start":{"line":22,"column":37},"end":{"line":22,"column":38}},"loc":{"start":{"line":22,"column":44},"end":{"line":24,"column":5}},"line":22},"7":{"name":"(anonymous_7)","decl":{"start":{"line":23,"column":32},"end":{"line":23,"column":33}},"loc":{"start":{"line":23,"column":40},"end":{"line":23,"column":47}},"line":23},"8":{"name":"(anonymous_8)","decl":{"start":{"line":27,"column":30},"end":{"line":27,"column":31}},"loc":{"start":{"line":27,"column":55},"end":{"line":59,"column":3}},"line":27},"9":{"name":"(anonymous_9)","decl":{"start":{"line":46,"column":17},"end":{"line":46,"column":18}},"loc":{"start":{"line":46,"column":33},"end":{"line":55,"column":5}},"line":46},"10":{"name":"(anonymous_10)","decl":{"start":{"line":48,"column":19},"end":{"line":48,"column":20}},"loc":{"start":{"line":48,"column":34},"end":{"line":53,"column":7}},"line":48},"11":{"name":"(anonymous_11)","decl":{"start":{"line":61,"column":15},"end":{"line":61,"column":16}},"loc":{"start":{"line":61,"column":24},"end":{"line":68,"column":3}},"line":61},"12":{"name":"(anonymous_12)","decl":{"start":{"line":70,"column":19},"end":{"line":70,"column":20}},"loc":{"start":{"line":70,"column":46},"end":{"line":79,"column":3}},"line":70},"13":{"name":"(anonymous_13)","decl":{"start":{"line":71,"column":30},"end":{"line":71,"column":31}},"loc":{"start":{"line":71,"column":44},"end":{"line":78,"column":5}},"line":71},"14":{"name":"(anonymous_14)","decl":{"start":{"line":81,"column":34},"end":{"line":81,"column":35}},"loc":{"start":{"line":81,"column":45},"end":{"line":87,"column":3}},"line":81},"15":{"name":"(anonymous_15)","decl":{"start":{"line":88,"column":18},"end":{"line":88,"column":19}},"loc":{"start":{"line":88,"column":28},"end":{"line":100,"column":3}},"line":88},"16":{"name":"(anonymous_16)","decl":{"start":{"line":89,"column":30},"end":{"line":89,"column":31}},"loc":{"start":{"line":89,"column":38},"end":{"line":95,"column":5}},"line":89},"17":{"name":"(anonymous_17)","decl":{"start":{"line":90,"column":32},"end":{"line":90,"column":33}},"loc":{"start":{"line":90,"column":41},"end":{"line":94,"column":7}},"line":90},"18":{"name":"(anonymous_18)","decl":{"start":{"line":95,"column":14},"end":{"line":95,"column":15}},"loc":{"start":{"line":95,"column":29},"end":{"line":97,"column":5}},"line":95},"19":{"name":"(anonymous_19)","decl":{"start":{"line":97,"column":18},"end":{"line":97,"column":19}},"loc":{"start":{"line":97,"column":33},"end":{"line":99,"column":5}},"line":97},"20":{"name":"(anonymous_20)","decl":{"start":{"line":101,"column":16},"end":{"line":101,"column":17}},"loc":{"start":{"line":101,"column":26},"end":{"line":116,"column":3}},"line":101},"21":{"name":"(anonymous_21)","decl":{"start":{"line":102,"column":30},"end":{"line":102,"column":31}},"loc":{"start":{"line":102,"column":38},"end":{"line":112,"column":5}},"line":102},"22":{"name":"(anonymous_22)","decl":{"start":{"line":112,"column":14},"end":{"line":112,"column":15}},"loc":{"start":{"line":112,"column":29},"end":{"line":115,"column":5}},"line":112},"23":{"name":"(anonymous_23)","decl":{"start":{"line":117,"column":34},"end":{"line":117,"column":35}},"loc":{"start":{"line":117,"column":66},"end":{"line":123,"column":3}},"line":117},"24":{"name":"(anonymous_24)","decl":{"start":{"line":121,"column":51},"end":{"line":121,"column":52}},"loc":{"start":{"line":121,"column":58},"end":{"line":121,"column":80}},"line":121},"25":{"name":"(anonymous_25)","decl":{"start":{"line":125,"column":25},"end":{"line":125,"column":26}},"loc":{"start":{"line":125,"column":85},"end":{"line":141,"column":3}},"line":125},"26":{"name":"(anonymous_26)","decl":{"start":{"line":134,"column":47},"end":{"line":134,"column":48}},"loc":{"start":{"line":134,"column":64},"end":{"line":136,"column":5}},"line":134}},"branchMap":{"0":{"loc":{"start":{"line":3,"column":11},"end":{"line":3,"column":47}},"type":"binary-expr","locations":[{"start":{"line":3,"column":11},"end":{"line":3,"column":12}},{"start":{"line":3,"column":16},"end":{"line":3,"column":47}}],"line":3},"1":{"loc":{"start":{"line":8,"column":14},"end":{"line":8,"column":106}},"type":"cond-expr","locations":[{"start":{"line":8,"column":64},"end":{"line":8,"column":102}},{"start":{"line":8,"column":105},"end":{"line":8,"column":106}}],"line":8},"2":{"loc":{"start":{"line":8,"column":14},"end":{"line":8,"column":61}},"type":"binary-expr","locations":[{"start":{"line":8,"column":14},"end":{"line":8,"column":29}},{"start":{"line":8,"column":33},"end":{"line":8,"column":61}}],"line":8},"3":{"loc":{"start":{"line":8,"column":35},"end":{"line":8,"column":43}},"type":"binary-expr","locations":[{"start":{"line":8,"column":35},"end":{"line":8,"column":36}},{"start":{"line":8,"column":40},"end":{"line":8,"column":43}}],"line":8},"4":{"loc":{"start":{"line":14,"column":23},"end":{"line":14,"column":43}},"type":"binary-expr","locations":[{"start":{"line":14,"column":23},"end":{"line":14,"column":37}},{"start":{"line":14,"column":41},"end":{"line":14,"column":43}}],"line":14},"5":{"loc":{"start":{"line":33,"column":4},"end":{"line":35,"column":5}},"type":"if","locations":[{"start":{"line":33,"column":4},"end":{"line":35,"column":5}},{"start":{"line":33,"column":4},"end":{"line":35,"column":5}}],"line":33},"6":{"loc":{"start":{"line":33,"column":8},"end":{"line":33,"column":36}},"type":"binary-expr","locations":[{"start":{"line":33,"column":8},"end":{"line":33,"column":20}},{"start":{"line":33,"column":24},"end":{"line":33,"column":36}}],"line":33},"7":{"loc":{"start":{"line":37,"column":22},"end":{"line":37,"column":49}},"type":"binary-expr","locations":[{"start":{"line":37,"column":22},"end":{"line":37,"column":42}},{"start":{"line":37,"column":46},"end":{"line":37,"column":49}}],"line":37},"8":{"loc":{"start":{"line":38,"column":20},"end":{"line":38,"column":48}},"type":"binary-expr","locations":[{"start":{"line":38,"column":20},"end":{"line":38,"column":38}},{"start":{"line":38,"column":42},"end":{"line":38,"column":48}}],"line":38},"9":{"loc":{"start":{"line":49,"column":8},"end":{"line":49,"column":47}},"type":"if","locations":[{"start":{"line":49,"column":8},"end":{"line":49,"column":47}},{"start":{"line":49,"column":8},"end":{"line":49,"column":47}}],"line":49},"10":{"loc":{"start":{"line":62,"column":4},"end":{"line":62,"column":28}},"type":"if","locations":[{"start":{"line":62,"column":4},"end":{"line":62,"column":28}},{"start":{"line":62,"column":4},"end":{"line":62,"column":28}}],"line":62},"11":{"loc":{"start":{"line":64,"column":4},"end":{"line":66,"column":5}},"type":"if","locations":[{"start":{"line":64,"column":4},"end":{"line":66,"column":5}},{"start":{"line":64,"column":4},"end":{"line":66,"column":5}}],"line":64},"12":{"loc":{"start":{"line":73,"column":6},"end":{"line":75,"column":7}},"type":"if","locations":[{"start":{"line":73,"column":6},"end":{"line":75,"column":7}},{"start":{"line":73,"column":6},"end":{"line":75,"column":7}}],"line":73},"13":{"loc":{"start":{"line":83,"column":4},"end":{"line":85,"column":5}},"type":"if","locations":[{"start":{"line":83,"column":4},"end":{"line":85,"column":5}},{"start":{"line":83,"column":4},"end":{"line":85,"column":5}}],"line":83}},"s":{"0":6,"1":0,"2":0,"3":0,"4":0,"5":0,"6":0,"7":0,"8":0,"9":0,"10":0,"11":0,"12":0,"13":0,"14":0,"15":0,"16":0,"17":0,"18":0,"19":0,"20":0,"21":0,"22":0,"23":0,"24":0,"25":0,"26":0,"27":0,"28":0,"29":0,"30":0,"31":0,"32":0,"33":0,"34":0,"35":0,"36":0,"37":0,"38":0,"39":0,"40":0,"41":0,"42":0,"43":0,"44":0,"45":0,"46":1,"47":2,"48":7,"49":7,"50":7,"51":2,"52":7,"53":1,"54":2,"55":2,"56":2,"57":2,"58":0,"59":0,"60":0,"61":0,"62":0,"63":0,"64":0,"65":0,"66":0,"67":0,"68":0},"f":{"0":0,"1":0,"2":0,"3":0,"4":0,"5":0,"6":0,"7":0,"8":0,"9":0,"10":0,"11":0,"12":0,"13":0,"14":0,"15":1,"16":2,"17":7,"18":2,"19":7,"20":1,"21":2,"22":2,"23":0,"24":0,"25":0,"26":0},"b":{"0":[0,0],"1":[0,0],"2":[0,0],"3":[0,0],"4":[0,0],"5":[0,0],"6":[0,0],"7":[0,0],"8":[0,0],"9":[0,0],"10":[0,0],"11":[0,0],"12":[0,0],"13":[0,0]},"_coverageSchema":"43e27e138ebf9cfc5966b082cf9a028302ed4184","hash":"3ec3102cf3e9afe69d8aeb4bac422559958901c0"}
,"/Users/marcus/Desktop/development/lumen-dashboard/src/scripts/components/Button.js": {"path":"/Users/marcus/Desktop/development/lumen-dashboard/src/scripts/components/Button.js","statementMap":{"0":{"start":{"line":4,"column":15},"end":{"line":14,"column":1}},"1":{"start":{"line":5,"column":2},"end":{"line":13,"column":11}},"2":{"start":{"line":18,"column":0},"end":{"line":22,"column":2}}},"fnMap":{"0":{"name":"(anonymous_0)","decl":{"start":{"line":4,"column":15},"end":{"line":4,"column":16}},"loc":{"start":{"line":5,"column":2},"end":{"line":13,"column":11}},"line":5}},"branchMap":{},"s":{"0":1,"1":0,"2":1},"f":{"0":0},"b":{},"_coverageSchema":"43e27e138ebf9cfc5966b082cf9a028302ed4184","hash":"12d6682ad7430c2d0125e4aef71609ef92298e34"}
}
