TN:
SF:/Users/marcus/Desktop/development/lumen-dashboard/src/scripts/CellStepManagement/components/AddNewCellInputs.js
FN:12,(anonymous_0)
FN:17,(anonymous_1)
FN:22,(anonymous_2)
FN:30,(anonymous_3)
FN:36,(anonymous_4)
FN:37,(anonymous_5)
FN:40,(anonymous_6)
FNF:7
FNH:7
FNDA:1,(anonymous_0)
FNDA:1,(anonymous_1)
FNDA:3,(anonymous_2)
FNDA:12,(anonymous_3)
FNDA:1,(anonymous_4)
FNDA:1,(anonymous_5)
FNDA:3,(anonymous_6)
DA:13,1
DA:14,1
DA:18,1
DA:19,1
DA:23,3
DA:24,3
DA:25,3
DA:31,12
DA:32,12
DA:33,12
DA:36,1
DA:37,1
DA:40,3
DA:51,1
LF:14
LH:14
BRF:0
BRH:0
end_of_record
TN:
SF:/Users/marcus/Desktop/development/lumen-dashboard/src/scripts/CellStepManagement/components/CachePage.js
FN:7,(anonymous_0)
FN:23,(anonymous_1)
FN:30,(anonymous_2)
FNF:3
FNH:3
FNDA:3,(anonymous_0)
FNDA:2,(anonymous_1)
FNDA:1,(anonymous_2)
DA:8,3
DA:10,3
DA:11,1
DA:13,2
DA:24,2
DA:30,1
LF:6
LH:6
BRDA:10,0,0,1
BRDA:10,0,1,2
BRF:2
BRH:2
end_of_record
TN:
SF:/Users/marcus/Desktop/development/lumen-dashboard/src/scripts/CellStepManagement/components/External.js
FN:6,(anonymous_0)
FNF:1
FNH:0
FNDA:0,(anonymous_0)
DA:6,1
DA:7,0
DA:21,1
LF:3
LH:2
BRF:0
BRH:0
end_of_record
TN:
SF:/Users/marcus/Desktop/development/lumen-dashboard/src/scripts/CellStepManagement/components/NewCellWrapper.js
FN:8,(anonymous_0)
FNF:1
FNH:1
FNDA:4,(anonymous_0)
DA:8,1
DA:9,4
DA:18,1
LF:3
LH:3
BRF:0
BRH:0
end_of_record
TN:
SF:/Users/marcus/Desktop/development/lumen-dashboard/src/scripts/CellStepManagement/components/StimTable.js
FN:10,(anonymous_0)
FN:31,(anonymous_1)
FN:40,(anonymous_2)
FNF:3
FNH:3
FNDA:1,(anonymous_0)
FNDA:1,(anonymous_1)
FNDA:1,(anonymous_2)
DA:11,1
DA:13,1
DA:14,0
DA:17,1
DA:18,1
DA:32,1
DA:40,1
DA:50,2
LF:8
LH:7
BRDA:13,0,0,0
BRDA:13,0,1,1
BRF:2
BRH:1
end_of_record
TN:
SF:/Users/marcus/Desktop/development/lumen-dashboard/src/scripts/CellStepManagement/duck/Utils.js
FN:3,(anonymous_0)
FN:24,(anonymous_1)
FNF:2
FNH:2
FNDA:6,(anonymous_0)
FNDA:6,(anonymous_1)
DA:2,3
DA:5,6
DA:7,1
DA:8,1
DA:10,1
DA:11,1
DA:13,1
DA:14,1
DA:16,1
DA:17,1
DA:19,2
DA:21,6
DA:26,6
DA:28,1
DA:29,1
DA:31,1
DA:32,1
DA:34,1
DA:35,1
DA:37,1
DA:38,1
DA:40,2
DA:42,6
LF:23
LH:23
BRDA:5,0,0,1
BRDA:5,0,1,1
BRDA:5,0,2,1
BRDA:5,0,3,1
BRDA:5,0,4,2
BRDA:26,1,0,1
BRDA:26,1,1,1
BRDA:26,1,2,1
BRDA:26,1,3,1
BRDA:26,1,4,2
BRF:10
BRH:10
end_of_record
TN:
SF:/Users/marcus/Desktop/development/lumen-dashboard/src/scripts/CellStepManagement/duck/actions.js
FN:3,(anonymous_0)
FN:9,(anonymous_1)
FN:15,(anonymous_2)
FN:16,(anonymous_3)
FN:23,(anonymous_4)
FN:28,(anonymous_5)
FN:32,(anonymous_6)
FN:36,(anonymous_7)
FN:40,(anonymous_8)
FN:44,(anonymous_9)
FN:48,(anonymous_10)
FN:54,(anonymous_11)
FN:59,(anonymous_12)
FN:65,(anonymous_13)
FN:71,(anonymous_14)
FN:75,(anonymous_15)
FN:80,(anonymous_16)
FN:86,(anonymous_17)
FN:91,(anonymous_18)
FN:96,(anonymous_19)
FN:102,(anonymous_20)
FN:106,(anonymous_21)
FN:111,(anonymous_22)
FN:115,(anonymous_23)
FN:120,(anonymous_24)
FN:124,(anonymous_25)
FN:128,(anonymous_26)
FNF:27
FNH:8
FNDA:0,(anonymous_0)
FNDA:0,(anonymous_1)
FNDA:0,(anonymous_2)
FNDA:0,(anonymous_3)
FNDA:0,(anonymous_4)
FNDA:0,(anonymous_5)
FNDA:0,(anonymous_6)
FNDA:0,(anonymous_7)
FNDA:0,(anonymous_8)
FNDA:0,(anonymous_9)
FNDA:0,(anonymous_10)
FNDA:4,(anonymous_11)
FNDA:0,(anonymous_12)
FNDA:0,(anonymous_13)
FNDA:2,(anonymous_14)
FNDA:4,(anonymous_15)
FNDA:2,(anonymous_16)
FNDA:0,(anonymous_17)
FNDA:3,(anonymous_18)
FNDA:0,(anonymous_19)
FNDA:1,(anonymous_20)
FNDA:1,(anonymous_21)
FNDA:0,(anonymous_22)
FNDA:0,(anonymous_23)
FNDA:0,(anonymous_24)
FNDA:0,(anonymous_25)
FNDA:2,(anonymous_26)
DA:3,6
DA:9,6
DA:15,6
DA:16,0
DA:17,0
DA:18,0
DA:23,6
DA:28,6
DA:32,6
DA:36,6
DA:40,6
DA:44,6
DA:48,6
DA:54,6
DA:59,6
DA:65,6
DA:71,6
DA:75,6
DA:80,6
DA:86,6
DA:91,6
DA:96,6
DA:102,6
DA:106,6
DA:111,6
DA:115,6
DA:120,6
DA:124,6
DA:128,6
LF:29
LH:26
BRF:0
BRH:0
end_of_record
TN:
SF:/Users/marcus/Desktop/development/lumen-dashboard/src/scripts/CellStepManagement/duck/constants.js
FNF:0
FNH:0
DA:1,1
LF:1
LH:1
BRF:0
BRH:0
end_of_record
TN:
SF:/Users/marcus/Desktop/development/lumen-dashboard/src/scripts/CellStepManagement/duck/index.js
FNF:0
FNH:0
LF:0
LH:0
BRF:0
BRH:0
end_of_record
TN:
SF:/Users/marcus/Desktop/development/lumen-dashboard/src/scripts/CellStepManagement/duck/operations.js
FN:29,(anonymous_0)
FN:30,(anonymous_1)
FN:50,(anonymous_2)
FN:52,(anonymous_3)
FN:89,(anonymous_4)
FN:127,(anonymous_5)
FN:148,(anonymous_6)
FN:158,(anonymous_7)
FN:186,(anonymous_8)
FN:189,(anonymous_9)
FN:206,(anonymous_10)
FN:233,(anonymous_11)
FN:234,(anonymous_12)
FN:244,(anonymous_13)
FN:271,(anonymous_14)
FN:276,(anonymous_15)
FN:295,(anonymous_16)
FN:296,(anonymous_17)
FN:330,(anonymous_18)
FN:331,(anonymous_19)
FN:348,(anonymous_20)
FN:349,(anonymous_21)
FN:367,(anonymous_22)
FN:368,(anonymous_23)
FN:370,(anonymous_24)
FN:377,(anonymous_25)
FN:378,(anonymous_26)
FNF:27
FNH:14
FNDA:2,(anonymous_0)
FNDA:2,(anonymous_1)
FNDA:1,(anonymous_2)
FNDA:1,(anonymous_3)
FNDA:4,(anonymous_4)
FNDA:4,(anonymous_5)
FNDA:2,(anonymous_6)
FNDA:1,(anonymous_7)
FNDA:1,(anonymous_8)
FNDA:1,(anonymous_9)
FNDA:0,(anonymous_10)
FNDA:0,(anonymous_11)
FNDA:0,(anonymous_12)
FNDA:0,(anonymous_13)
FNDA:0,(anonymous_14)
FNDA:0,(anonymous_15)
FNDA:1,(anonymous_16)
FNDA:1,(anonymous_17)
FNDA:0,(anonymous_18)
FNDA:0,(anonymous_19)
FNDA:0,(anonymous_20)
FNDA:0,(anonymous_21)
FNDA:2,(anonymous_22)
FNDA:2,(anonymous_23)
FNDA:0,(anonymous_24)
FNDA:0,(anonymous_25)
FNDA:0,(anonymous_26)
DA:5,6
DA:7,6
DA:8,6
DA:9,6
DA:10,6
DA:11,6
DA:12,6
DA:13,6
DA:14,6
DA:15,6
DA:16,6
DA:17,6
DA:18,6
DA:19,6
DA:20,6
DA:21,6
DA:22,6
DA:23,6
DA:24,6
DA:25,6
DA:26,6
DA:29,6
DA:30,2
DA:31,2
DA:32,2
DA:34,2
DA:35,2
DA:37,2
DA:38,2
DA:39,2
DA:40,2
DA:43,0
DA:44,0
DA:50,6
DA:51,1
DA:52,1
DA:53,1
DA:54,1
DA:56,1
DA:57,1
DA:58,0
DA:61,1
DA:62,0
DA:65,1
DA:66,1
DA:67,1
DA:69,1
DA:70,1
DA:72,1
DA:73,1
DA:74,1
DA:75,1
DA:76,1
DA:77,1
DA:78,1
DA:79,1
DA:83,0
DA:89,6
DA:91,4
DA:93,0
DA:94,0
DA:95,0
DA:97,1
DA:98,1
DA:100,1
DA:102,0
DA:103,0
DA:104,0
DA:106,1
DA:107,1
DA:108,1
DA:110,1
DA:111,1
DA:112,1
DA:114,1
DA:115,1
DA:116,1
DA:118,0
DA:119,0
DA:120,0
DA:122,0
DA:123,0
DA:127,4
DA:128,4
DA:129,4
DA:133,4
DA:134,3
DA:135,3
DA:136,3
DA:139,0
DA:142,1
DA:148,6
DA:149,2
DA:150,2
DA:151,2
DA:152,2
DA:153,2
DA:154,2
DA:155,2
DA:158,6
DA:159,1
DA:160,1
DA:162,0
DA:163,0
DA:165,0
DA:166,0
DA:168,0
DA:169,0
DA:171,1
DA:172,1
DA:174,0
DA:175,0
DA:177,0
DA:178,0
DA:180,0
DA:183,1
DA:186,6
DA:187,1
DA:188,1
DA:189,1
DA:190,1
DA:191,1
DA:194,1
DA:195,1
DA:200,0
DA:203,1
DA:204,1
DA:206,1
DA:207,0
DA:209,1
DA:210,1
DA:213,1
DA:214,1
DA:215,1
DA:216,1
DA:217,1
DA:218,1
DA:219,1
DA:220,1
DA:221,1
DA:222,1
DA:226,0
DA:233,6
DA:234,0
DA:236,0
DA:237,0
DA:238,0
DA:242,0
DA:243,0
DA:244,0
DA:245,0
DA:247,0
DA:248,0
DA:251,0
DA:252,0
DA:253,0
DA:254,0
DA:255,0
DA:256,0
DA:257,0
DA:258,0
DA:259,0
DA:260,0
DA:261,0
DA:265,0
DA:271,6
DA:272,0
DA:276,0
DA:277,0
DA:278,0
DA:282,0
DA:283,0
DA:284,0
DA:289,0
DA:290,0
DA:295,6
DA:296,1
DA:297,1
DA:298,1
DA:299,1
DA:300,0
DA:301,0
DA:308,1
DA:310,1
DA:317,1
DA:318,1
DA:319,1
DA:320,1
DA:324,0
DA:325,0
DA:330,6
DA:331,0
DA:332,0
DA:333,0
DA:337,0
DA:338,0
DA:339,0
DA:343,0
DA:348,6
DA:349,0
DA:350,0
DA:355,0
DA:356,0
DA:357,0
DA:358,0
DA:362,0
DA:367,6
DA:368,2
DA:369,2
DA:370,2
DA:371,0
DA:377,6
DA:378,0
DA:379,0
DA:380,0
LF:215
LH:131
BRDA:54,0,0,0
BRDA:54,0,1,1
BRDA:57,1,0,0
BRDA:57,1,1,1
BRDA:61,2,0,0
BRDA:61,2,1,1
BRDA:61,3,0,1
BRDA:61,3,1,1
BRDA:69,4,0,1
BRDA:69,4,1,0
BRDA:91,5,0,0
BRDA:91,5,1,1
BRDA:91,5,2,0
BRDA:91,5,3,1
BRDA:91,5,4,1
BRDA:91,5,5,1
BRDA:91,5,6,0
BRDA:91,5,7,0
BRDA:133,6,0,3
BRDA:133,6,1,1
BRDA:133,7,0,4
BRDA:133,7,1,3
BRDA:133,7,2,2
BRDA:160,8,0,0
BRDA:160,8,1,0
BRDA:160,8,2,0
BRDA:160,8,3,1
BRDA:160,8,4,0
BRDA:160,8,5,0
BRDA:160,8,6,0
BRDA:191,9,0,0
BRDA:191,9,1,1
BRDA:194,10,0,1
BRDA:194,10,1,0
BRDA:237,11,0,0
BRDA:237,11,1,0
BRDA:299,12,0,0
BRDA:299,12,1,1
BRF:38
BRH:19
end_of_record
TN:
SF:/Users/marcus/Desktop/development/lumen-dashboard/src/scripts/CellStepManagement/duck/reducers.js
FN:3,(anonymous_0)
FNF:1
FNH:1
FNDA:5,(anonymous_0)
DA:3,7
DA:20,5
DA:22,0
DA:29,1
DA:30,1
DA:39,1
DA:57,0
DA:66,0
DA:72,0
DA:81,0
DA:89,0
DA:90,0
DA:99,0
DA:108,1
DA:114,1
DA:120,1
DA:128,0
DA:139,0
DA:147,0
DA:155,0
DA:161,0
DA:167,0
DA:173,0
DA:178,0
DA:184,0
DA:193,0
DA:202,0
LF:27
LH:8
BRDA:3,0,0,5
BRDA:20,1,0,0
BRDA:20,1,1,1
BRDA:20,1,2,1
BRDA:20,1,3,0
BRDA:20,1,4,0
BRDA:20,1,5,0
BRDA:20,1,6,0
BRDA:20,1,7,0
BRDA:20,1,8,0
BRDA:20,1,9,1
BRDA:20,1,10,1
BRDA:20,1,11,1
BRDA:20,1,12,0
BRDA:20,1,13,0
BRDA:20,1,14,0
BRDA:20,1,15,0
BRDA:20,1,16,0
BRDA:20,1,17,0
BRDA:20,1,18,0
BRDA:20,1,19,0
BRDA:20,1,20,0
BRDA:20,1,21,0
BRDA:20,1,22,0
BRF:24
BRH:6
end_of_record
TN:
SF:/Users/marcus/Desktop/development/lumen-dashboard/src/scripts/CellStepManagement/duck/types.js
FNF:0
FNH:0
DA:2,7
DA:3,7
DA:4,7
DA:5,7
DA:6,7
DA:7,7
DA:8,7
DA:9,7
DA:10,7
DA:11,7
DA:12,7
DA:13,7
DA:14,7
DA:15,7
DA:16,7
DA:17,7
DA:18,7
DA:19,7
DA:20,7
DA:21,7
DA:22,7
DA:23,7
DA:24,7
DA:25,7
DA:26,7
DA:27,7
DA:28,7
LF:27
LH:27
BRF:0
BRH:0
end_of_record
TN:
SF:/Users/marcus/Desktop/development/lumen-dashboard/src/scripts/Dashboard/duck/HttpService.js
FN:7,(anonymous_0)
FN:14,(anonymous_1)
FN:21,(anonymous_2)
FNF:3
FNH:0
FNDA:0,(anonymous_0)
FNDA:0,(anonymous_1)
FNDA:0,(anonymous_2)
DA:6,2
DA:8,0
DA:15,0
DA:22,0
LF:4
LH:1
BRF:0
BRH:0
end_of_record
TN:
SF:/Users/marcus/Desktop/development/lumen-dashboard/src/scripts/Dashboard/duck/actions.js
FN:3,(anonymous_0)
FN:7,(anonymous_1)
FN:12,(anonymous_2)
FN:18,(anonymous_3)
FN:24,(anonymous_4)
FN:30,(anonymous_5)
FN:37,(anonymous_6)
FN:43,(anonymous_7)
FN:49,(anonymous_8)
FN:56,(anonymous_9)
FN:64,(anonymous_10)
FN:69,(anonymous_11)
FN:75,(anonymous_12)
FNF:13
FNH:7
FNDA:1,(anonymous_0)
FNDA:0,(anonymous_1)
FNDA:0,(anonymous_2)
FNDA:1,(anonymous_3)
FNDA:1,(anonymous_4)
FNDA:0,(anonymous_5)
FNDA:1,(anonymous_6)
FNDA:1,(anonymous_7)
FNDA:1,(anonymous_8)
FNDA:1,(anonymous_9)
FNDA:0,(anonymous_10)
FNDA:0,(anonymous_11)
FNDA:0,(anonymous_12)
DA:3,2
DA:7,2
DA:12,2
DA:18,2
DA:24,2
DA:30,2
DA:31,0
DA:37,2
DA:38,1
DA:43,2
DA:44,1
DA:49,2
DA:50,1
DA:56,2
DA:57,1
DA:64,2
DA:69,2
DA:70,0
DA:75,2
DA:76,0
LF:20
LH:17
BRF:0
BRH:0
end_of_record
TN:
SF:/Users/marcus/Desktop/development/lumen-dashboard/src/scripts/Dashboard/duck/index.js
FNF:0
FNH:0
LF:0
LH:0
BRF:0
BRH:0
end_of_record
TN:
SF:/Users/marcus/Desktop/development/lumen-dashboard/src/scripts/Dashboard/duck/operations.js
FN:20,(anonymous_0)
FN:21,(anonymous_1)
FN:34,(anonymous_2)
FN:36,(anonymous_3)
FN:40,(anonymous_4)
FN:46,(anonymous_5)
FN:51,(anonymous_6)
FN:65,(anonymous_7)
FN:66,(anonymous_8)
FN:69,(anonymous_9)
FNF:10
FNH:0
FNDA:0,(anonymous_0)
FNDA:0,(anonymous_1)
FNDA:0,(anonymous_2)
FNDA:0,(anonymous_3)
FNDA:0,(anonymous_4)
FNDA:0,(anonymous_5)
FNDA:0,(anonymous_6)
FNDA:0,(anonymous_7)
FNDA:0,(anonymous_8)
FNDA:0,(anonymous_9)
DA:4,2
DA:5,2
DA:6,2
DA:7,2
DA:8,2
DA:9,2
DA:10,2
DA:11,2
DA:12,2
DA:13,2
DA:14,2
DA:15,2
DA:16,2
DA:17,2
DA:20,2
DA:21,0
DA:22,0
DA:23,0
DA:24,0
DA:25,0
DA:28,0
DA:29,0
DA:34,2
DA:35,0
DA:36,0
DA:37,0
DA:40,0
DA:41,0
DA:46,2
DA:47,0
DA:51,0
DA:52,0
DA:53,0
DA:54,0
DA:55,0
DA:56,0
DA:60,0
DA:65,2
DA:66,0
DA:67,0
DA:68,0
DA:69,0
DA:71,0
DA:75,0
LF:44
LH:18
BRDA:35,0,0,0
BRDA:35,0,1,0
BRF:2
BRH:0
end_of_record
TN:
SF:/Users/marcus/Desktop/development/lumen-dashboard/src/scripts/Dashboard/duck/reducers.js
FN:3,(anonymous_0)
FNF:1
FNH:1
FNDA:8,(anonymous_0)
DA:3,2
DA:17,8
DA:19,1
DA:26,0
DA:35,0
DA:42,2
DA:49,0
DA:57,1
DA:60,1
DA:63,1
DA:66,1
DA:69,1
DA:72,0
DA:78,0
DA:81,0
DA:84,0
LF:16
LH:9
BRDA:3,0,0,8
BRDA:17,1,0,1
BRDA:17,1,1,0
BRDA:17,1,2,0
BRDA:17,1,3,2
BRDA:17,1,4,0
BRDA:17,1,5,1
BRDA:17,1,6,1
BRDA:17,1,7,1
BRDA:17,1,8,1
BRDA:17,1,9,1
BRDA:17,1,10,0
BRDA:17,1,11,0
BRDA:17,1,12,0
BRDA:17,1,13,0
BRF:15
BRH:8
end_of_record
TN:
SF:/Users/marcus/Desktop/development/lumen-dashboard/src/scripts/Dashboard/duck/types.js
FNF:0
FNH:0
DA:2,2
DA:3,2
DA:4,2
DA:5,2
DA:6,2
DA:7,2
DA:8,2
DA:9,2
DA:10,2
DA:11,2
DA:12,2
DA:13,2
DA:14,2
LF:13
LH:13
BRF:0
BRH:0
end_of_record
TN:
SF:/Users/marcus/Desktop/development/lumen-dashboard/src/scripts/EditAudience/duck/actions.js
FN:4,(anonymous_0)
FN:8,(anonymous_1)
FN:13,(anonymous_2)
FNF:3
FNH:2
FNDA:1,(anonymous_0)
FNDA:1,(anonymous_1)
FNDA:0,(anonymous_2)
DA:4,2
DA:8,2
DA:13,2
LF:3
LH:3
BRF:0
BRH:0
end_of_record
TN:
SF:/Users/marcus/Desktop/development/lumen-dashboard/src/scripts/EditAudience/duck/index.js
FNF:0
FNH:0
LF:0
LH:0
BRF:0
BRH:0
end_of_record
TN:
SF:/Users/marcus/Desktop/development/lumen-dashboard/src/scripts/EditAudience/duck/operations.js
FN:11,(anonymous_0)
FN:12,(anonymous_1)
FN:25,(anonymous_2)
FN:26,(anonymous_3)
FNF:4
FNH:2
FNDA:1,(anonymous_0)
FNDA:1,(anonymous_1)
FNDA:0,(anonymous_2)
FNDA:0,(anonymous_3)
DA:6,2
DA:7,2
DA:8,2
DA:11,2
DA:12,1
DA:13,1
DA:14,1
DA:15,1
DA:16,1
DA:19,0
DA:20,0
DA:25,2
DA:26,0
DA:27,0
LF:14
LH:10
BRF:0
BRH:0
end_of_record
TN:
SF:/Users/marcus/Desktop/development/lumen-dashboard/src/scripts/EditAudience/duck/reducers.js
FN:3,(anonymous_0)
FNF:1
FNH:1
FNDA:2,(anonymous_0)
DA:3,3
DA:7,2
DA:9,1
DA:16,1
DA:24,0
DA:31,0
LF:6
LH:4
BRDA:3,0,0,2
BRDA:7,1,0,1
BRDA:7,1,1,1
BRDA:7,1,2,0
BRDA:7,1,3,0
BRF:5
BRH:3
end_of_record
TN:
SF:/Users/marcus/Desktop/development/lumen-dashboard/src/scripts/EditAudience/duck/types.js
FNF:0
FNH:0
DA:2,3
DA:3,3
DA:4,3
LF:3
LH:3
BRF:0
BRH:0
end_of_record
TN:
SF:/Users/marcus/Desktop/development/lumen-dashboard/src/scripts/EditStudyDetails/components/DropDown.js
FN:5,DropDown
FN:8,onDropDownClick
FN:12,onMenuItemClick
FN:23,(anonymous_3)
FNF:4
FNH:2
FNDA:4,DropDown
FNDA:0,onDropDownClick
FNDA:0,onMenuItemClick
FNDA:8,(anonymous_3)
DA:6,4
DA:7,4
DA:9,0
DA:13,0
DA:14,0
DA:15,0
DA:18,4
DA:24,8
LF:8
LH:4
BRF:0
BRH:0
end_of_record
TN:
SF:/Users/marcus/Desktop/development/lumen-dashboard/src/scripts/EditStudyDetails/components/EditStudyDetails.js
FN:9,(anonymous_0)
FN:25,(anonymous_1)
FN:38,(anonymous_2)
FN:63,(anonymous_3)
FN:64,(anonymous_4)
FN:70,(anonymous_5)
FN:71,(anonymous_6)
FNF:7
FNH:4
FNDA:2,(anonymous_0)
FNDA:0,(anonymous_1)
FNDA:2,(anonymous_2)
FNDA:4,(anonymous_3)
FNDA:0,(anonymous_4)
FNDA:0,(anonymous_5)
FNDA:4,(anonymous_6)
DA:10,2
DA:11,2
DA:12,0
DA:14,2
DA:26,0
DA:27,0
DA:28,0
DA:30,0
DA:31,0
DA:34,0
DA:49,2
DA:63,4
DA:64,0
DA:70,0
DA:71,4
LF:15
LH:6
BRDA:11,0,0,0
BRDA:11,0,1,2
BRDA:11,1,0,2
BRDA:11,1,1,2
BRDA:11,1,2,2
BRDA:84,2,0,2
BRDA:84,2,1,0
BRDA:94,3,0,2
BRDA:94,3,1,0
BRF:9
BRH:6
end_of_record
TN:
SF:/Users/marcus/Desktop/development/lumen-dashboard/src/scripts/EditStudyDetails/duck/HttpService.js
FN:7,(anonymous_0)
FN:14,(anonymous_1)
FN:21,(anonymous_2)
FN:28,(anonymous_3)
FN:35,(anonymous_4)
FN:42,(anonymous_5)
FN:50,(anonymous_6)
FNF:7
FNH:0
FNDA:0,(anonymous_0)
FNDA:0,(anonymous_1)
FNDA:0,(anonymous_2)
FNDA:0,(anonymous_3)
FNDA:0,(anonymous_4)
FNDA:0,(anonymous_5)
FNDA:0,(anonymous_6)
DA:6,4
DA:8,0
DA:15,0
DA:22,0
DA:29,0
DA:36,0
DA:43,0
DA:51,0
LF:8
LH:1
BRF:0
BRH:0
end_of_record
TN:
SF:/Users/marcus/Desktop/development/lumen-dashboard/src/scripts/EditStudyDetails/duck/actions.js
FN:4,(anonymous_0)
FN:8,(anonymous_1)
FN:13,(anonymous_2)
FN:19,(anonymous_3)
FN:23,(anonymous_4)
FN:28,(anonymous_5)
FN:33,(anonymous_6)
FN:37,(anonymous_7)
FN:42,(anonymous_8)
FNF:9
FNH:6
FNDA:1,(anonymous_0)
FNDA:1,(anonymous_1)
FNDA:0,(anonymous_2)
FNDA:1,(anonymous_3)
FNDA:1,(anonymous_4)
FNDA:0,(anonymous_5)
FNDA:1,(anonymous_6)
FNDA:1,(anonymous_7)
FNDA:0,(anonymous_8)
DA:4,1
DA:8,1
DA:13,1
DA:19,1
DA:23,1
DA:28,1
DA:33,1
DA:37,1
DA:42,1
LF:9
LH:9
BRF:0
BRH:0
end_of_record
TN:
SF:/Users/marcus/Desktop/development/lumen-dashboard/src/scripts/EditStudyDetails/duck/index.js
FNF:0
FNH:0
LF:0
LH:0
BRF:0
BRH:0
end_of_record
TN:
SF:/Users/marcus/Desktop/development/lumen-dashboard/src/scripts/EditStudyDetails/duck/operations.js
FN:17,(anonymous_0)
FN:18,(anonymous_1)
FN:32,(anonymous_2)
FN:33,(anonymous_3)
FN:48,(anonymous_4)
FN:49,(anonymous_5)
FN:63,(anonymous_6)
FN:64,(anonymous_7)
FNF:8
FNH:6
FNDA:1,(anonymous_0)
FNDA:1,(anonymous_1)
FNDA:1,(anonymous_2)
FNDA:1,(anonymous_3)
FNDA:1,(anonymous_4)
FNDA:1,(anonymous_5)
FNDA:0,(anonymous_6)
FNDA:0,(anonymous_7)
DA:5,1
DA:6,1
DA:7,1
DA:9,1
DA:10,1
DA:11,1
DA:13,1
DA:14,1
DA:15,1
DA:17,1
DA:18,1
DA:19,1
DA:20,1
DA:21,1
DA:22,1
DA:25,0
DA:26,0
DA:32,1
DA:33,1
DA:34,1
DA:35,1
DA:36,1
DA:37,1
DA:40,0
DA:41,0
DA:48,1
DA:49,1
DA:50,1
DA:51,1
DA:52,1
DA:53,1
DA:56,0
DA:57,0
DA:63,1
DA:64,0
DA:65,0
LF:36
LH:28
BRF:0
BRH:0
end_of_record
TN:
SF:/Users/marcus/Desktop/development/lumen-dashboard/src/scripts/EditStudyDetails/duck/reducers.js
FN:3,(anonymous_0)
FNF:1
FNH:1
FNDA:6,(anonymous_0)
DA:3,2
DA:13,6
DA:15,1
DA:22,1
DA:29,0
DA:37,1
DA:44,1
DA:51,0
DA:59,1
DA:66,1
DA:73,0
DA:80,0
LF:12
LH:8
BRDA:3,0,0,6
BRDA:13,1,0,1
BRDA:13,1,1,1
BRDA:13,1,2,0
BRDA:13,1,3,1
BRDA:13,1,4,1
BRDA:13,1,5,0
BRDA:13,1,6,1
BRDA:13,1,7,1
BRDA:13,1,8,0
BRDA:13,1,9,0
BRF:11
BRH:7
end_of_record
TN:
SF:/Users/marcus/Desktop/development/lumen-dashboard/src/scripts/EditStudyDetails/duck/types.js
FNF:0
FNH:0
DA:2,2
DA:3,2
DA:4,2
DA:6,2
DA:7,2
DA:8,2
DA:10,2
DA:11,2
DA:12,2
LF:9
LH:9
BRF:0
BRH:0
end_of_record
TN:
SF:/Users/marcus/Desktop/development/lumen-dashboard/src/scripts/Filter/duck/actions.js
FN:5,(anonymous_0)
FN:9,(anonymous_1)
FN:14,(anonymous_2)
FN:19,(anonymous_3)
FN:23,(anonymous_4)
FN:28,(anonymous_5)
FN:33,(anonymous_6)
FN:37,(anonymous_7)
FN:42,(anonymous_8)
FN:47,(anonymous_9)
FN:51,(anonymous_10)
FN:56,(anonymous_11)
FN:61,(anonymous_12)
FN:66,(anonymous_13)
FN:71,(anonymous_14)
FN:75,(anonymous_15)
FN:80,(anonymous_16)
FN:84,(anonymous_17)
FNF:18
FNH:4
FNDA:1,(anonymous_0)
FNDA:0,(anonymous_1)
FNDA:0,(anonymous_2)
FNDA:0,(anonymous_3)
FNDA:0,(anonymous_4)
FNDA:0,(anonymous_5)
FNDA:0,(anonymous_6)
FNDA:0,(anonymous_7)
FNDA:0,(anonymous_8)
FNDA:0,(anonymous_9)
FNDA:0,(anonymous_10)
FNDA:0,(anonymous_11)
FNDA:1,(anonymous_12)
FNDA:1,(anonymous_13)
FNDA:0,(anonymous_14)
FNDA:1,(anonymous_15)
FNDA:0,(anonymous_16)
FNDA:0,(anonymous_17)
DA:5,2
DA:9,2
DA:14,2
DA:19,2
DA:23,2
DA:28,2
DA:33,2
DA:37,2
DA:42,2
DA:47,2
DA:51,2
DA:56,2
DA:61,2
DA:66,2
DA:71,2
DA:75,2
DA:80,2
DA:84,2
LF:18
LH:18
BRF:0
BRH:0
end_of_record
TN:
SF:/Users/marcus/Desktop/development/lumen-dashboard/src/scripts/Filter/duck/index.js
FNF:0
FNH:0
LF:0
LH:0
BRF:0
BRH:0
end_of_record
TN:
SF:/Users/marcus/Desktop/development/lumen-dashboard/src/scripts/Filter/duck/operations.js
FN:24,(anonymous_0)
FN:26,(anonymous_1)
FN:41,(anonymous_2)
FN:43,(anonymous_3)
FN:56,(anonymous_4)
FN:58,(anonymous_5)
FN:72,(anonymous_6)
FN:74,(anonymous_7)
FN:87,(anonymous_8)
FN:88,(anonymous_9)
FN:90,(anonymous_10)
FNF:11
FNH:3
FNDA:0,(anonymous_0)
FNDA:0,(anonymous_1)
FNDA:0,(anonymous_2)
FNDA:0,(anonymous_3)
FNDA:0,(anonymous_4)
FNDA:0,(anonymous_5)
FNDA:0,(anonymous_6)
FNDA:0,(anonymous_7)
FNDA:2,(anonymous_8)
FNDA:2,(anonymous_9)
FNDA:1,(anonymous_10)
DA:4,2
DA:5,2
DA:6,2
DA:7,2
DA:8,2
DA:9,2
DA:10,2
DA:11,2
DA:12,2
DA:13,2
DA:14,2
DA:15,2
DA:16,2
DA:17,2
DA:18,2
DA:19,2
DA:20,2
DA:21,2
DA:22,2
DA:24,2
DA:26,0
DA:27,0
DA:28,0
DA:29,0
DA:30,0
DA:31,0
DA:34,0
DA:35,0
DA:41,2
DA:43,0
DA:44,0
DA:45,0
DA:46,0
DA:47,0
DA:50,0
DA:51,0
DA:56,2
DA:58,0
DA:59,0
DA:60,0
DA:61,0
DA:62,0
DA:65,0
DA:67,0
DA:72,2
DA:74,0
DA:75,0
DA:76,0
DA:77,0
DA:78,0
DA:81,0
DA:82,0
DA:87,2
DA:88,2
DA:89,2
DA:90,2
DA:91,2
LF:57
LH:28
BRDA:90,0,0,1
BRDA:90,0,1,1
BRDA:91,1,0,1
BRDA:91,1,1,1
BRF:4
BRH:4
end_of_record
TN:
SF:/Users/marcus/Desktop/development/lumen-dashboard/src/scripts/Filter/duck/reducers.js
FN:3,(anonymous_0)
FN:98,(anonymous_1)
FNF:2
FNH:1
FNDA:5,(anonymous_0)
FNDA:0,(anonymous_1)
DA:3,2
DA:18,5
DA:20,1
DA:27,0
DA:33,0
DA:38,0
DA:44,0
DA:51,0
DA:56,0
DA:62,0
DA:69,0
DA:74,0
DA:80,0
DA:87,0
DA:92,1
DA:97,1
DA:98,0
DA:102,0
DA:108,0
DA:115,1
DA:120,1
DA:126,0
LF:22
LH:7
BRDA:3,0,0,5
BRDA:18,1,0,1
BRDA:18,1,1,0
BRDA:18,1,2,0
BRDA:18,1,3,0
BRDA:18,1,4,0
BRDA:18,1,5,0
BRDA:18,1,6,0
BRDA:18,1,7,0
BRDA:18,1,8,0
BRDA:18,1,9,0
BRDA:18,1,10,0
BRDA:18,1,11,0
BRDA:18,1,12,1
BRDA:18,1,13,1
BRDA:18,1,14,0
BRDA:18,1,15,0
BRDA:18,1,16,1
BRDA:18,1,17,1
BRDA:18,1,18,0
BRF:20
BRH:6
end_of_record
TN:
SF:/Users/marcus/Desktop/development/lumen-dashboard/src/scripts/Filter/duck/types.js
FNF:0
FNH:0
DA:1,2
DA:2,2
DA:3,2
DA:4,2
DA:5,2
DA:6,2
DA:7,2
DA:8,2
DA:9,2
DA:10,2
DA:11,2
DA:12,2
DA:13,2
DA:14,2
DA:15,2
DA:16,2
DA:17,2
DA:18,2
DA:19,2
LF:19
LH:19
BRF:0
BRH:0
end_of_record
TN:
SF:/Users/marcus/Desktop/development/lumen-dashboard/src/scripts/Modal/components/AddStepModal.js
FN:25,(anonymous_0)
FN:30,(anonymous_1)
FN:35,(anonymous_2)
FN:76,(anonymous_3)
FN:82,(anonymous_4)
FN:93,(anonymous_5)
FN:97,(anonymous_6)
FN:103,(anonymous_7)
FN:109,(anonymous_8)
FN:112,(anonymous_9)
FN:114,(anonymous_10)
FN:121,(anonymous_11)
FN:123,(anonymous_12)
FN:125,(anonymous_13)
FN:134,(anonymous_14)
FN:144,(anonymous_15)
FN:146,(anonymous_16)
FN:147,(anonymous_17)
FN:148,(anonymous_18)
FN:149,(anonymous_19)
FN:153,(anonymous_20)
FNF:21
FNH:4
FNDA:0,(anonymous_0)
FNDA:0,(anonymous_1)
FNDA:0,(anonymous_2)
FNDA:0,(anonymous_3)
FNDA:0,(anonymous_4)
FNDA:0,(anonymous_5)
FNDA:0,(anonymous_6)
FNDA:1,(anonymous_7)
FNDA:0,(anonymous_8)
FNDA:0,(anonymous_9)
FNDA:1,(anonymous_10)
FNDA:0,(anonymous_11)
FNDA:0,(anonymous_12)
FNDA:0,(anonymous_13)
FNDA:0,(anonymous_14)
FNDA:1,(anonymous_15)
FNDA:0,(anonymous_16)
FNDA:0,(anonymous_17)
FNDA:0,(anonymous_18)
FNDA:0,(anonymous_19)
FNDA:1,(anonymous_20)
DA:26,0
DA:27,0
DA:31,0
DA:32,0
DA:37,0
DA:39,0
DA:41,0
DA:42,0
DA:44,0
DA:45,0
DA:47,0
DA:48,0
DA:50,0
DA:52,0
DA:53,0
DA:55,0
DA:56,0
DA:58,0
DA:60,0
DA:61,0
DA:62,0
DA:64,0
DA:65,0
DA:66,0
DA:68,0
DA:69,0
DA:70,0
DA:72,0
DA:77,0
DA:78,0
DA:83,0
DA:84,0
DA:85,0
DA:86,0
DA:87,0
DA:88,0
DA:94,0
DA:98,0
DA:99,0
DA:104,1
DA:105,1
DA:106,1
DA:107,1
DA:109,0
DA:112,0
DA:115,1
DA:117,0
DA:119,0
DA:121,0
DA:123,0
DA:125,0
DA:127,1
DA:134,0
DA:144,1
DA:145,1
DA:146,0
DA:147,0
DA:148,0
DA:149,0
DA:153,1
DA:154,1
LF:61
LH:10
BRDA:39,0,0,0
BRDA:39,0,1,0
BRDA:39,0,2,0
BRDA:39,0,3,0
BRDA:39,0,4,0
BRDA:39,0,5,0
BRDA:39,0,6,0
BRDA:44,1,0,0
BRDA:44,1,1,0
BRDA:52,2,0,0
BRDA:52,2,1,0
BRDA:87,3,0,0
BRDA:87,3,1,0
BRDA:87,4,0,0
BRDA:87,4,1,0
BRDA:106,5,0,0
BRDA:106,5,1,1
BRDA:106,6,0,1
BRDA:106,6,1,1
BRDA:106,6,2,1
BRDA:106,6,3,1
BRDA:115,7,0,0
BRDA:115,7,1,0
BRDA:115,7,2,0
BRDA:115,7,3,0
BRDA:115,7,4,0
BRDA:115,7,5,1
BRDA:133,8,0,0
BRDA:133,8,1,1
BRF:29
BRH:7
end_of_record
TN:
SF:/Users/marcus/Desktop/development/lumen-dashboard/src/scripts/MyDetails/duck/actions.js
FN:4,(anonymous_0)
FN:8,(anonymous_1)
FN:13,(anonymous_2)
FN:18,(anonymous_3)
FN:22,(anonymous_4)
FN:27,(anonymous_5)
FNF:6
FNH:0
FNDA:0,(anonymous_0)
FNDA:0,(anonymous_1)
FNDA:0,(anonymous_2)
FNDA:0,(anonymous_3)
FNDA:0,(anonymous_4)
FNDA:0,(anonymous_5)
DA:4,1
DA:8,1
DA:13,1
DA:18,1
DA:22,1
DA:27,1
LF:6
LH:6
BRF:0
BRH:0
end_of_record
TN:
SF:/Users/marcus/Desktop/development/lumen-dashboard/src/scripts/MyDetails/duck/index.js
FNF:0
FNH:0
LF:0
LH:0
BRF:0
BRH:0
end_of_record
TN:
SF:/Users/marcus/Desktop/development/lumen-dashboard/src/scripts/MyDetails/duck/operations.js
FN:13,(anonymous_0)
FN:14,(anonymous_1)
FN:28,(anonymous_2)
FN:29,(anonymous_3)
FN:44,(anonymous_4)
FN:45,(anonymous_5)
FNF:6
FNH:0
FNDA:0,(anonymous_0)
FNDA:0,(anonymous_1)
FNDA:0,(anonymous_2)
FNDA:0,(anonymous_3)
FNDA:0,(anonymous_4)
FNDA:0,(anonymous_5)
DA:6,1
DA:7,1
DA:8,1
DA:9,1
DA:10,1
DA:11,1
DA:13,1
DA:14,0
DA:15,0
DA:16,0
DA:18,0
DA:19,0
DA:20,0
DA:23,0
DA:28,1
DA:29,0
DA:30,0
DA:31,0
DA:32,0
DA:33,0
DA:36,0
DA:37,0
DA:44,1
DA:45,0
DA:46,0
DA:47,0
DA:48,0
DA:51,0
LF:28
LH:9
BRF:0
BRH:0
end_of_record
TN:
SF:/Users/marcus/Desktop/development/lumen-dashboard/src/scripts/MyDetails/duck/reducers.js
FN:3,(anonymous_0)
FNF:1
FNH:0
FNDA:0,(anonymous_0)
DA:3,1
DA:7,0
DA:9,0
DA:16,0
DA:22,0
DA:29,0
DA:31,0
DA:33,0
DA:36,0
LF:9
LH:1
BRDA:3,0,0,0
BRDA:7,1,0,0
BRDA:7,1,1,0
BRDA:7,1,2,0
BRDA:7,1,3,0
BRDA:7,1,4,0
BRDA:7,1,5,0
BRDA:7,1,6,0
BRF:8
BRH:0
end_of_record
TN:
SF:/Users/marcus/Desktop/development/lumen-dashboard/src/scripts/MyDetails/duck/types.js
FNF:0
FNH:0
DA:2,1
DA:3,1
DA:4,1
DA:5,1
DA:6,1
DA:7,1
LF:6
LH:6
BRF:0
BRH:0
end_of_record
TN:
SF:/Users/marcus/Desktop/development/lumen-dashboard/src/scripts/common/constants.js
FNF:0
FNH:0
DA:1,12
DA:2,12
DA:3,12
DA:4,12
DA:5,12
DA:6,12
DA:7,12
DA:8,12
DA:9,12
DA:10,12
DA:11,12
DA:12,12
DA:13,12
DA:14,12
DA:15,12
DA:16,12
DA:17,12
DA:18,12
DA:19,12
DA:20,12
DA:21,12
DA:22,12
DA:23,12
DA:24,12
DA:25,12
DA:26,12
DA:27,12
DA:28,12
DA:29,12
DA:30,12
DA:31,12
DA:32,12
DA:33,12
DA:34,12
DA:35,12
DA:36,12
DA:37,12
DA:38,12
DA:39,12
DA:40,12
DA:41,12
DA:42,12
DA:43,12
DA:44,12
DA:46,12
DA:47,12
LF:46
LH:46
BRF:0
BRH:0
end_of_record
TN:
SF:/Users/marcus/Desktop/development/lumen-dashboard/src/scripts/common/shared.js
FN:2,getHeaders
FNF:1
FNH:0
FNDA:0,getHeaders
DA:3,0
DA:4,0
LF:2
LH:0
BRF:0
BRH:0
end_of_record
TN:
SF:/Users/marcus/Desktop/development/lumen-dashboard/src/scripts/common/components/Button.js
FN:4,(anonymous_0)
FNF:1
FNH:1
FNDA:35,(anonymous_0)
DA:4,6
DA:5,35
DA:18,6
LF:3
LH:3
BRF:0
BRH:0
end_of_record
TN:
SF:/Users/marcus/Desktop/development/lumen-dashboard/src/scripts/common/components/Input.js
FN:5,(anonymous_0)
FNF:1
FNH:1
FNDA:22,(anonymous_0)
DA:5,2
DA:6,22
DA:11,2
LF:3
LH:3
BRF:0
BRH:0
end_of_record
TN:
SF:/Users/marcus/Desktop/development/lumen-dashboard/src/scripts/common/components/LoadingSpinner.js
FN:4,(anonymous_0)
FNF:1
FNH:0
FNDA:0,(anonymous_0)
DA:4,3
DA:5,0
LF:2
LH:1
BRF:0
BRH:0
end_of_record
TN:
SF:/Users/marcus/Desktop/development/lumen-dashboard/src/scripts/common/components/PrettyDropdown.js
FN:7,(anonymous_0)
FN:15,(anonymous_1)
FN:16,(anonymous_2)
FN:21,(anonymous_3)
FN:25,(anonymous_4)
FN:32,(anonymous_5)
FN:41,(anonymous_6)
FN:44,(anonymous_7)
FNF:8
FNH:3
FNDA:1,(anonymous_0)
FNDA:0,(anonymous_1)
FNDA:0,(anonymous_2)
FNDA:0,(anonymous_3)
FNDA:0,(anonymous_4)
FNDA:1,(anonymous_5)
FNDA:0,(anonymous_6)
FNDA:2,(anonymous_7)
DA:8,1
DA:9,1
DA:16,0
DA:22,0
DA:23,0
DA:24,0
DA:25,0
DA:33,1
DA:34,1
DA:35,1
DA:42,0
DA:45,2
LF:12
LH:6
BRDA:39,0,0,0
BRDA:39,0,1,1
BRF:2
BRH:1
end_of_record
TN:
SF:/Users/marcus/Desktop/development/lumen-dashboard/src/scripts/common/services/dataService.js
FN:8,(anonymous_0)
FN:17,(anonymous_1)
FN:25,(anonymous_2)
FN:33,(anonymous_3)
FN:42,(anonymous_4)
FN:50,(anonymous_5)
FN:58,(anonymous_6)
FN:65,(anonymous_7)
FN:72,(anonymous_8)
FN:80,(anonymous_9)
FN:87,(anonymous_10)
FN:94,(anonymous_11)
FN:101,(anonymous_12)
FN:109,(anonymous_13)
FN:116,(anonymous_14)
FN:123,(anonymous_15)
FN:130,(anonymous_16)
FN:137,(anonymous_17)
FN:144,(anonymous_18)
FN:152,(anonymous_19)
FN:160,(anonymous_20)
FN:168,(anonymous_21)
FN:176,(anonymous_22)
FN:184,(anonymous_23)
FN:192,(anonymous_24)
FN:200,(anonymous_25)
FNF:26
FNH:0
FNDA:0,(anonymous_0)
FNDA:0,(anonymous_1)
FNDA:0,(anonymous_2)
FNDA:0,(anonymous_3)
FNDA:0,(anonymous_4)
FNDA:0,(anonymous_5)
FNDA:0,(anonymous_6)
FNDA:0,(anonymous_7)
FNDA:0,(anonymous_8)
FNDA:0,(anonymous_9)
FNDA:0,(anonymous_10)
FNDA:0,(anonymous_11)
FNDA:0,(anonymous_12)
FNDA:0,(anonymous_13)
FNDA:0,(anonymous_14)
FNDA:0,(anonymous_15)
FNDA:0,(anonymous_16)
FNDA:0,(anonymous_17)
FNDA:0,(anonymous_18)
FNDA:0,(anonymous_19)
FNDA:0,(anonymous_20)
FNDA:0,(anonymous_21)
FNDA:0,(anonymous_22)
FNDA:0,(anonymous_23)
FNDA:0,(anonymous_24)
FNDA:0,(anonymous_25)
DA:6,9
DA:9,0
DA:18,0
DA:26,0
DA:34,0
DA:43,0
DA:51,0
DA:59,0
DA:66,0
DA:73,0
DA:81,0
DA:88,0
DA:95,0
DA:102,0
DA:110,0
DA:117,0
DA:124,0
DA:131,0
DA:138,0
DA:145,0
DA:153,0
DA:161,0
DA:169,0
DA:177,0
DA:185,0
DA:193,0
DA:201,0
LF:27
LH:1
BRF:0
BRH:0
end_of_record
TN:
SF:/Users/marcus/Desktop/development/lumen-dashboard/src/scripts/common/services/demographicService.js
FN:8,(anonymous_0)
FNF:1
FNH:0
FNDA:0,(anonymous_0)
DA:6,2
DA:9,0
LF:2
LH:1
BRF:0
BRH:0
end_of_record
TN:
SF:/Users/marcus/Desktop/development/lumen-dashboard/src/scripts/common/utils/Utils.js
FN:2,(anonymous_0)
FN:6,(anonymous_1)
FN:7,(anonymous_2)
FN:12,(anonymous_3)
FN:13,(anonymous_4)
FN:21,(anonymous_5)
FN:22,(anonymous_6)
FN:23,(anonymous_7)
FN:27,(anonymous_8)
FN:46,(anonymous_9)
FN:48,(anonymous_10)
FN:61,(anonymous_11)
FN:70,(anonymous_12)
FN:71,(anonymous_13)
FN:81,(anonymous_14)
FN:88,(anonymous_15)
FN:89,(anonymous_16)
FN:90,(anonymous_17)
FN:95,(anonymous_18)
FN:97,(anonymous_19)
FN:101,(anonymous_20)
FN:102,(anonymous_21)
FN:112,(anonymous_22)
FN:117,(anonymous_23)
FN:121,(anonymous_24)
FN:125,(anonymous_25)
FN:134,(anonymous_26)
FNF:27
FNH:8
FNDA:0,(anonymous_0)
FNDA:0,(anonymous_1)
FNDA:0,(anonymous_2)
FNDA:0,(anonymous_3)
FNDA:0,(anonymous_4)
FNDA:0,(anonymous_5)
FNDA:0,(anonymous_6)
FNDA:0,(anonymous_7)
FNDA:0,(anonymous_8)
FNDA:0,(anonymous_9)
FNDA:0,(anonymous_10)
FNDA:0,(anonymous_11)
FNDA:0,(anonymous_12)
FNDA:0,(anonymous_13)
FNDA:0,(anonymous_14)
FNDA:1,(anonymous_15)
FNDA:2,(anonymous_16)
FNDA:7,(anonymous_17)
FNDA:2,(anonymous_18)
FNDA:7,(anonymous_19)
FNDA:1,(anonymous_20)
FNDA:2,(anonymous_21)
FNDA:2,(anonymous_22)
FNDA:0,(anonymous_23)
FNDA:0,(anonymous_24)
FNDA:0,(anonymous_25)
FNDA:0,(anonymous_26)
DA:1,6
DA:3,0
DA:7,0
DA:8,0
DA:13,0
DA:14,0
DA:15,0
DA:16,0
DA:18,0
DA:22,0
DA:23,0
DA:31,0
DA:33,0
DA:34,0
DA:37,0
DA:38,0
DA:40,0
DA:42,0
DA:43,0
DA:44,0
DA:46,0
DA:47,0
DA:48,0
DA:49,0
DA:51,0
DA:52,0
DA:54,0
DA:57,0
DA:58,0
DA:62,0
DA:64,0
DA:65,0
DA:67,0
DA:71,0
DA:72,0
DA:73,0
DA:74,0
DA:76,0
DA:77,0
DA:82,0
DA:83,0
DA:84,0
DA:86,0
DA:89,1
DA:90,2
DA:91,7
DA:92,7
DA:93,7
DA:96,2
DA:98,7
DA:102,1
DA:103,2
DA:104,2
DA:111,2
DA:113,2
DA:118,0
DA:121,0
DA:126,0
DA:127,0
DA:128,0
DA:129,0
DA:134,0
DA:135,0
DA:137,0
DA:138,0
DA:139,0
LF:66
LH:13
BRDA:3,0,0,0
BRDA:3,0,1,0
BRDA:8,1,0,0
BRDA:8,1,1,0
BRDA:8,2,0,0
BRDA:8,2,1,0
BRDA:8,3,0,0
BRDA:8,3,1,0
BRDA:14,4,0,0
BRDA:14,4,1,0
BRDA:33,5,0,0
BRDA:33,5,1,0
BRDA:33,6,0,0
BRDA:33,6,1,0
BRDA:37,7,0,0
BRDA:37,7,1,0
BRDA:38,8,0,0
BRDA:38,8,1,0
BRDA:49,9,0,0
BRDA:49,9,1,0
BRDA:62,10,0,0
BRDA:62,10,1,0
BRDA:64,11,0,0
BRDA:64,11,1,0
BRDA:73,12,0,0
BRDA:73,12,1,0
BRDA:83,13,0,0
BRDA:83,13,1,0
BRF:28
BRH:0
end_of_record
TN:
SF:/Users/marcus/Desktop/development/lumen-dashboard/src/scripts/components/Button.js
FN:4,(anonymous_0)
FNF:1
FNH:0
FNDA:0,(anonymous_0)
DA:4,1
DA:5,0
DA:18,1
LF:3
LH:2
BRF:0
BRH:0
end_of_record
